[ 2016-03-14T10:49:28+08:00 ] 127.0.0.1 /Public/admin/v3/js/jquery.nanoscroller.min.map
ERR: 非法操作:admin

[ 2016-03-14T11:05:14+08:00 ] 127.0.0.1 /Public/admin/v3/js/jquery.nanoscroller.min.map
ERR: 非法操作:admin

[ 2016-03-14T11:11:50+08:00 ] 127.0.0.1 /Public/css/base.css
ERR: 非法操作:css

[ 2016-03-14T11:12:38+08:00 ] 127.0.0.1 /Public/css/base.css
ERR: 非法操作:css

[ 2016-03-14T16:53:25+08:00 ] 127.0.0.1 /index.php?s=/jd_order/search
INFO: [ app_begin ] --START--
INFO: ReadHtmlCache Behavior ::run [ RunTime:0.001000s ]
INFO: [ app_begin ] --END-- [ RunTime:0.002000s ]
NOTIC: [2] Illegal string offset 'act_name' E:\wamp\www\sxb\shipin_manager\Lib\Action\CommonAction.class.php 第 337 行.
NOTIC: [8] Undefined index: act_name E:\wamp\www\sxb\shipin_manager\Lib\Action\CommonAction.class.php 第 337 行.
NOTIC: [8] Undefined index: act_name E:\wamp\www\sxb\shipin_manager\Lib\Action\CommonAction.class.php 第 337 行.
NOTIC: [2] Illegal string offset 'act_name' E:\wamp\www\sxb\shipin_manager\Lib\Action\CommonAction.class.php 第 337 行.
NOTIC: [8] Undefined index: act_name E:\wamp\www\sxb\shipin_manager\Lib\Action\CommonAction.class.php 第 337 行.
NOTIC: [8] Undefined index: act_name E:\wamp\www\sxb\shipin_manager\Lib\Action\CommonAction.class.php 第 337 行.
NOTIC: [2] Illegal string offset 'act_name' E:\wamp\www\sxb\shipin_manager\Lib\Action\CommonAction.class.php 第 337 行.
NOTIC: [8] Undefined index: act_name E:\wamp\www\sxb\shipin_manager\Lib\Action\CommonAction.class.php 第 337 行.
NOTIC: [8] Undefined index: act_name E:\wamp\www\sxb\shipin_manager\Lib\Action\CommonAction.class.php 第 337 行.
NOTIC: [2] Illegal string offset 'act_name' E:\wamp\www\sxb\shipin_manager\Lib\Action\CommonAction.class.php 第 337 行.
NOTIC: [8] Undefined index: act_name E:\wamp\www\sxb\shipin_manager\Lib\Action\CommonAction.class.php 第 337 行.
NOTIC: [8] Undefined index: act_name E:\wamp\www\sxb\shipin_manager\Lib\Action\CommonAction.class.php 第 337 行.
NOTIC: [2] Illegal string offset 'act_name' E:\wamp\www\sxb\shipin_manager\Lib\Action\CommonAction.class.php 第 337 行.
NOTIC: [8] Undefined index: act_name E:\wamp\www\sxb\shipin_manager\Lib\Action\CommonAction.class.php 第 337 行.
NOTIC: [8] Undefined index: act_name E:\wamp\www\sxb\shipin_manager\Lib\Action\CommonAction.class.php 第 337 行.
NOTIC: [2] Illegal string offset 'act_name' E:\wamp\www\sxb\shipin_manager\Lib\Action\CommonAction.class.php 第 337 行.
NOTIC: [8] Undefined index: act_name E:\wamp\www\sxb\shipin_manager\Lib\Action\CommonAction.class.php 第 337 行.
NOTIC: [8] Undefined index: act_name E:\wamp\www\sxb\shipin_manager\Lib\Action\CommonAction.class.php 第 337 行.
NOTIC: [2] Illegal string offset 'act_name' E:\wamp\www\sxb\shipin_manager\Lib\Action\CommonAction.class.php 第 337 行.
NOTIC: [8] Undefined index: act_name E:\wamp\www\sxb\shipin_manager\Lib\Action\CommonAction.class.php 第 337 行.
NOTIC: [8] Undefined index: act_name E:\wamp\www\sxb\shipin_manager\Lib\Action\CommonAction.class.php 第 337 行.
NOTIC: [2] Illegal string offset 'act_name' E:\wamp\www\sxb\shipin_manager\Lib\Action\CommonAction.class.php 第 337 行.
NOTIC: [8] Undefined index: act_name E:\wamp\www\sxb\shipin_manager\Lib\Action\CommonAction.class.php 第 337 行.
NOTIC: [8] Undefined index: act_name E:\wamp\www\sxb\shipin_manager\Lib\Action\CommonAction.class.php 第 337 行.
NOTIC: [2] Illegal string offset 'act_name' E:\wamp\www\sxb\shipin_manager\Lib\Action\CommonAction.class.php 第 337 行.
NOTIC: [8] Undefined index: act_name E:\wamp\www\sxb\shipin_manager\Lib\Action\CommonAction.class.php 第 337 行.
NOTIC: [8] Undefined index: act_name E:\wamp\www\sxb\shipin_manager\Lib\Action\CommonAction.class.php 第 337 行.
NOTIC: [2] Illegal string offset 'act_name' E:\wamp\www\sxb\shipin_manager\Lib\Action\CommonAction.class.php 第 337 行.
NOTIC: [8] Undefined index: act_name E:\wamp\www\sxb\shipin_manager\Lib\Action\CommonAction.class.php 第 337 行.
NOTIC: [8] Undefined index: act_name E:\wamp\www\sxb\shipin_manager\Lib\Action\CommonAction.class.php 第 337 行.
NOTIC: [2] Illegal string offset 'act_name' E:\wamp\www\sxb\shipin_manager\Lib\Action\CommonAction.class.php 第 337 行.
NOTIC: [8] Undefined index: act_name E:\wamp\www\sxb\shipin_manager\Lib\Action\CommonAction.class.php 第 337 行.
NOTIC: [8] Undefined index: act_name E:\wamp\www\sxb\shipin_manager\Lib\Action\CommonAction.class.php 第 337 行.
NOTIC: [2] Illegal string offset 'act_name' E:\wamp\www\sxb\shipin_manager\Lib\Action\CommonAction.class.php 第 337 行.
NOTIC: [8] Undefined index: act_name E:\wamp\www\sxb\shipin_manager\Lib\Action\CommonAction.class.php 第 337 行.
NOTIC: [8] Undefined index: act_name E:\wamp\www\sxb\shipin_manager\Lib\Action\CommonAction.class.php 第 337 行.
NOTIC: [2] Illegal string offset 'act_name' E:\wamp\www\sxb\shipin_manager\Lib\Action\CommonAction.class.php 第 337 行.
NOTIC: [8] Undefined index: act_name E:\wamp\www\sxb\shipin_manager\Lib\Action\CommonAction.class.php 第 337 行.
NOTIC: [8] Undefined index: act_name E:\wamp\www\sxb\shipin_manager\Lib\Action\CommonAction.class.php 第 337 行.
NOTIC: [2] Illegal string offset 'act_name' E:\wamp\www\sxb\shipin_manager\Lib\Action\CommonAction.class.php 第 337 行.
NOTIC: [8] Undefined index: act_name E:\wamp\www\sxb\shipin_manager\Lib\Action\CommonAction.class.php 第 337 行.
NOTIC: [8] Undefined index: act_name E:\wamp\www\sxb\shipin_manager\Lib\Action\CommonAction.class.php 第 337 行.
NOTIC: [2] Illegal string offset 'act_name' E:\wamp\www\sxb\shipin_manager\Lib\Action\CommonAction.class.php 第 337 行.
NOTIC: [8] Undefined index: act_name E:\wamp\www\sxb\shipin_manager\Lib\Action\CommonAction.class.php 第 337 行.
NOTIC: [8] Undefined index: act_name E:\wamp\www\sxb\shipin_manager\Lib\Action\CommonAction.class.php 第 337 行.
NOTIC: [2] Illegal string offset 'act_name' E:\wamp\www\sxb\shipin_manager\Lib\Action\CommonAction.class.php 第 337 行.
NOTIC: [8] Undefined index: act_name E:\wamp\www\sxb\shipin_manager\Lib\Action\CommonAction.class.php 第 337 行.
NOTIC: [2] Illegal string offset 'act_name' E:\wamp\www\sxb\shipin_manager\Lib\Action\CommonAction.class.php 第 337 行.
NOTIC: [8] Undefined index: act_name E:\wamp\www\sxb\shipin_manager\Lib\Action\CommonAction.class.php 第 337 行.
NOTIC: [8] Undefined index: act_name E:\wamp\www\sxb\shipin_manager\Lib\Action\CommonAction.class.php 第 337 行.
NOTIC: [2] Illegal string offset 'act_name' E:\wamp\www\sxb\shipin_manager\Lib\Action\CommonAction.class.php 第 337 行.
NOTIC: [8] Undefined index: act_name E:\wamp\www\sxb\shipin_manager\Lib\Action\CommonAction.class.php 第 337 行.
NOTIC: [8] Undefined index: act_name E:\wamp\www\sxb\shipin_manager\Lib\Action\CommonAction.class.php 第 337 行.
NOTIC: [2] Illegal string offset 'act_name' E:\wamp\www\sxb\shipin_manager\Lib\Action\CommonAction.class.php 第 337 行.
NOTIC: [8] Undefined index: act_name E:\wamp\www\sxb\shipin_manager\Lib\Action\CommonAction.class.php 第 337 行.
NOTIC: [8] Undefined index: act_name E:\wamp\www\sxb\shipin_manager\Lib\Action\CommonAction.class.php 第 337 行.
NOTIC: [2] Illegal string offset 'act_name' E:\wamp\www\sxb\shipin_manager\Lib\Action\CommonAction.class.php 第 337 行.
NOTIC: [8] Undefined index: act_name E:\wamp\www\sxb\shipin_manager\Lib\Action\CommonAction.class.php 第 337 行.
NOTIC: [8] Undefined index: act_name E:\wamp\www\sxb\shipin_manager\Lib\Action\CommonAction.class.php 第 337 行.
NOTIC: [2] Illegal string offset 'act_name' E:\wamp\www\sxb\shipin_manager\Lib\Action\CommonAction.class.php 第 337 行.
NOTIC: [8] Undefined index: act_name E:\wamp\www\sxb\shipin_manager\Lib\Action\CommonAction.class.php 第 337 行.
NOTIC: [8] Undefined index: act_name E:\wamp\www\sxb\shipin_manager\Lib\Action\CommonAction.class.php 第 337 行.
NOTIC: [2] Illegal string offset 'act_name' E:\wamp\www\sxb\shipin_manager\Lib\Action\CommonAction.class.php 第 337 行.
NOTIC: [8] Undefined index: act_name E:\wamp\www\sxb\shipin_manager\Lib\Action\CommonAction.class.php 第 337 行.
NOTIC: [8] Undefined index: act_name E:\wamp\www\sxb\shipin_manager\Lib\Action\CommonAction.class.php 第 337 行.
NOTIC: [2] Illegal string offset 'act_name' E:\wamp\www\sxb\shipin_manager\Lib\Action\CommonAction.class.php 第 337 行.
NOTIC: [8] Undefined index: act_name E:\wamp\www\sxb\shipin_manager\Lib\Action\CommonAction.class.php 第 337 行.
NOTIC: [8] Undefined index: act_name E:\wamp\www\sxb\shipin_manager\Lib\Action\CommonAction.class.php 第 337 行.
SQL: SHOW COLUMNS FROM `ttgy_order_address` [ RunTime:0.004500s ]
SQL: SHOW COLUMNS FROM `ttgy_order` [ RunTime:0.005500s ]
SQL: SELECT `id` FROM `ttgy_order` WHERE ( `order_name` = '1601142213350708' ) LIMIT 1   [ RunTime:0.271034s ]
SQL: SELECT `address`,`name`,`mobile` FROM `ttgy_order_address` WHERE ( `order_id` = null ) LIMIT 1   [ RunTime:0.001001s ]

