[ 2016-03-01T10:03:05+08:00 ] 127.0.0.1 /index.php?s=/jd_order/searchUser
INFO: [ app_begin ] --START--
INFO: ReadHtmlCache Behavior ::run [ RunTime:0.002000s ]
INFO: [ app_begin ] --END-- [ RunTime:0.002000s ]
NOTIC: [2] Illegal string offset 'act_name' E:\wamp\www\sxb\shipin_manager\Lib\Action\CommonAction.class.php 第 340 行.
NOTIC: [8] Undefined index: act_name E:\wamp\www\sxb\shipin_manager\Lib\Action\CommonAction.class.php 第 340 行.
NOTIC: [8] Undefined index: act_name E:\wamp\www\sxb\shipin_manager\Lib\Action\CommonAction.class.php 第 340 行.
NOTIC: [2] Illegal string offset 'act_name' E:\wamp\www\sxb\shipin_manager\Lib\Action\CommonAction.class.php 第 340 行.
NOTIC: [8] Undefined index: act_name E:\wamp\www\sxb\shipin_manager\Lib\Action\CommonAction.class.php 第 340 行.
NOTIC: [8] Undefined index: act_name E:\wamp\www\sxb\shipin_manager\Lib\Action\CommonAction.class.php 第 340 行.
NOTIC: [2] Illegal string offset 'act_name' E:\wamp\www\sxb\shipin_manager\Lib\Action\CommonAction.class.php 第 340 行.
NOTIC: [8] Undefined index: act_name E:\wamp\www\sxb\shipin_manager\Lib\Action\CommonAction.class.php 第 340 行.
NOTIC: [8] Undefined index: act_name E:\wamp\www\sxb\shipin_manager\Lib\Action\CommonAction.class.php 第 340 行.
NOTIC: [2] Illegal string offset 'act_name' E:\wamp\www\sxb\shipin_manager\Lib\Action\CommonAction.class.php 第 340 行.
NOTIC: [8] Undefined index: act_name E:\wamp\www\sxb\shipin_manager\Lib\Action\CommonAction.class.php 第 340 行.
NOTIC: [8] Undefined index: act_name E:\wamp\www\sxb\shipin_manager\Lib\Action\CommonAction.class.php 第 340 行.
NOTIC: [2] Illegal string offset 'act_name' E:\wamp\www\sxb\shipin_manager\Lib\Action\CommonAction.class.php 第 340 行.
NOTIC: [8] Undefined index: act_name E:\wamp\www\sxb\shipin_manager\Lib\Action\CommonAction.class.php 第 340 行.
NOTIC: [8] Undefined index: act_name E:\wamp\www\sxb\shipin_manager\Lib\Action\CommonAction.class.php 第 340 行.
NOTIC: [2] Illegal string offset 'act_name' E:\wamp\www\sxb\shipin_manager\Lib\Action\CommonAction.class.php 第 340 行.
NOTIC: [8] Undefined index: act_name E:\wamp\www\sxb\shipin_manager\Lib\Action\CommonAction.class.php 第 340 行.
NOTIC: [8] Undefined index: act_name E:\wamp\www\sxb\shipin_manager\Lib\Action\CommonAction.class.php 第 340 行.
NOTIC: [2] Illegal string offset 'act_name' E:\wamp\www\sxb\shipin_manager\Lib\Action\CommonAction.class.php 第 340 行.
NOTIC: [8] Undefined index: act_name E:\wamp\www\sxb\shipin_manager\Lib\Action\CommonAction.class.php 第 340 行.
NOTIC: [8] Undefined index: act_name E:\wamp\www\sxb\shipin_manager\Lib\Action\CommonAction.class.php 第 340 行.
NOTIC: [2] Illegal string offset 'act_name' E:\wamp\www\sxb\shipin_manager\Lib\Action\CommonAction.class.php 第 340 行.
NOTIC: [8] Undefined index: act_name E:\wamp\www\sxb\shipin_manager\Lib\Action\CommonAction.class.php 第 340 行.
NOTIC: [8] Undefined index: act_name E:\wamp\www\sxb\shipin_manager\Lib\Action\CommonAction.class.php 第 340 行.
NOTIC: [2] Illegal string offset 'act_name' E:\wamp\www\sxb\shipin_manager\Lib\Action\CommonAction.class.php 第 340 行.
NOTIC: [8] Undefined index: act_name E:\wamp\www\sxb\shipin_manager\Lib\Action\CommonAction.class.php 第 340 行.
NOTIC: [8] Undefined index: act_name E:\wamp\www\sxb\shipin_manager\Lib\Action\CommonAction.class.php 第 340 行.
NOTIC: [2] Illegal string offset 'act_name' E:\wamp\www\sxb\shipin_manager\Lib\Action\CommonAction.class.php 第 340 行.
NOTIC: [8] Undefined index: act_name E:\wamp\www\sxb\shipin_manager\Lib\Action\CommonAction.class.php 第 340 行.
NOTIC: [8] Undefined index: act_name E:\wamp\www\sxb\shipin_manager\Lib\Action\CommonAction.class.php 第 340 行.
NOTIC: [2] Illegal string offset 'act_name' E:\wamp\www\sxb\shipin_manager\Lib\Action\CommonAction.class.php 第 340 行.
NOTIC: [8] Undefined index: act_name E:\wamp\www\sxb\shipin_manager\Lib\Action\CommonAction.class.php 第 340 行.
NOTIC: [8] Undefined index: act_name E:\wamp\www\sxb\shipin_manager\Lib\Action\CommonAction.class.php 第 340 行.
NOTIC: [2] Illegal string offset 'act_name' E:\wamp\www\sxb\shipin_manager\Lib\Action\CommonAction.class.php 第 340 行.
NOTIC: [8] Undefined index: act_name E:\wamp\www\sxb\shipin_manager\Lib\Action\CommonAction.class.php 第 340 行.
NOTIC: [8] Undefined index: act_name E:\wamp\www\sxb\shipin_manager\Lib\Action\CommonAction.class.php 第 340 行.
NOTIC: [2] Illegal string offset 'act_name' E:\wamp\www\sxb\shipin_manager\Lib\Action\CommonAction.class.php 第 340 行.
NOTIC: [8] Undefined index: act_name E:\wamp\www\sxb\shipin_manager\Lib\Action\CommonAction.class.php 第 340 行.
NOTIC: [8] Undefined index: act_name E:\wamp\www\sxb\shipin_manager\Lib\Action\CommonAction.class.php 第 340 行.
NOTIC: [2] Illegal string offset 'act_name' E:\wamp\www\sxb\shipin_manager\Lib\Action\CommonAction.class.php 第 340 行.
NOTIC: [8] Undefined index: act_name E:\wamp\www\sxb\shipin_manager\Lib\Action\CommonAction.class.php 第 340 行.
NOTIC: [8] Undefined index: act_name E:\wamp\www\sxb\shipin_manager\Lib\Action\CommonAction.class.php 第 340 行.
NOTIC: [2] Illegal string offset 'act_name' E:\wamp\www\sxb\shipin_manager\Lib\Action\CommonAction.class.php 第 340 行.
NOTIC: [8] Undefined index: act_name E:\wamp\www\sxb\shipin_manager\Lib\Action\CommonAction.class.php 第 340 行.
NOTIC: [8] Undefined index: act_name E:\wamp\www\sxb\shipin_manager\Lib\Action\CommonAction.class.php 第 340 行.
NOTIC: [2] Illegal string offset 'act_name' E:\wamp\www\sxb\shipin_manager\Lib\Action\CommonAction.class.php 第 340 行.
NOTIC: [8] Undefined index: act_name E:\wamp\www\sxb\shipin_manager\Lib\Action\CommonAction.class.php 第 340 行.
NOTIC: [2] Illegal string offset 'act_name' E:\wamp\www\sxb\shipin_manager\Lib\Action\CommonAction.class.php 第 340 行.
NOTIC: [8] Undefined index: act_name E:\wamp\www\sxb\shipin_manager\Lib\Action\CommonAction.class.php 第 340 行.
NOTIC: [8] Undefined index: act_name E:\wamp\www\sxb\shipin_manager\Lib\Action\CommonAction.class.php 第 340 行.
NOTIC: [2] Illegal string offset 'act_name' E:\wamp\www\sxb\shipin_manager\Lib\Action\CommonAction.class.php 第 340 行.
NOTIC: [8] Undefined index: act_name E:\wamp\www\sxb\shipin_manager\Lib\Action\CommonAction.class.php 第 340 行.
NOTIC: [8] Undefined index: act_name E:\wamp\www\sxb\shipin_manager\Lib\Action\CommonAction.class.php 第 340 行.
NOTIC: [2] Illegal string offset 'act_name' E:\wamp\www\sxb\shipin_manager\Lib\Action\CommonAction.class.php 第 340 行.
NOTIC: [8] Undefined index: act_name E:\wamp\www\sxb\shipin_manager\Lib\Action\CommonAction.class.php 第 340 行.
NOTIC: [8] Undefined index: act_name E:\wamp\www\sxb\shipin_manager\Lib\Action\CommonAction.class.php 第 340 行.
NOTIC: [2] Illegal string offset 'act_name' E:\wamp\www\sxb\shipin_manager\Lib\Action\CommonAction.class.php 第 340 行.
NOTIC: [8] Undefined index: act_name E:\wamp\www\sxb\shipin_manager\Lib\Action\CommonAction.class.php 第 340 行.
NOTIC: [8] Undefined index: act_name E:\wamp\www\sxb\shipin_manager\Lib\Action\CommonAction.class.php 第 340 行.
NOTIC: [2] Illegal string offset 'act_name' E:\wamp\www\sxb\shipin_manager\Lib\Action\CommonAction.class.php 第 340 行.
NOTIC: [8] Undefined index: act_name E:\wamp\www\sxb\shipin_manager\Lib\Action\CommonAction.class.php 第 340 行.
NOTIC: [8] Undefined index: act_name E:\wamp\www\sxb\shipin_manager\Lib\Action\CommonAction.class.php 第 340 行.
NOTIC: [2] Illegal string offset 'act_name' E:\wamp\www\sxb\shipin_manager\Lib\Action\CommonAction.class.php 第 340 行.
NOTIC: [8] Undefined index: act_name E:\wamp\www\sxb\shipin_manager\Lib\Action\CommonAction.class.php 第 340 行.
NOTIC: [8] Undefined index: act_name E:\wamp\www\sxb\shipin_manager\Lib\Action\CommonAction.class.php 第 340 行.
NOTIC: [2] Illegal string offset 'act_name' E:\wamp\www\sxb\shipin_manager\Lib\Action\CommonAction.class.php 第 340 行.
NOTIC: [8] Undefined index: act_name E:\wamp\www\sxb\shipin_manager\Lib\Action\CommonAction.class.php 第 340 行.
NOTIC: [8] Undefined index: act_name E:\wamp\www\sxb\shipin_manager\Lib\Action\CommonAction.class.php 第 340 行.
SQL: SHOW COLUMNS FROM `ttgy_user` [ RunTime:0.002000s ]
SQL: SELECT `username` FROM `ttgy_user` WHERE ( `mobile` = '13920615591' ) LIMIT 1   [ RunTime:0.030002s ]

[ 2016-03-01T10:03:13+08:00 ] 127.0.0.1 /index.php?s=/jd_order/saveAddress
INFO: [ app_begin ] --START--
INFO: ReadHtmlCache Behavior ::run [ RunTime:0.001000s ]
INFO: [ app_begin ] --END-- [ RunTime:0.002000s ]
NOTIC: [2] Illegal string offset 'act_name' E:\wamp\www\sxb\shipin_manager\Lib\Action\CommonAction.class.php 第 340 行.
NOTIC: [8] Undefined index: act_name E:\wamp\www\sxb\shipin_manager\Lib\Action\CommonAction.class.php 第 340 行.
NOTIC: [8] Undefined index: act_name E:\wamp\www\sxb\shipin_manager\Lib\Action\CommonAction.class.php 第 340 行.
NOTIC: [2] Illegal string offset 'act_name' E:\wamp\www\sxb\shipin_manager\Lib\Action\CommonAction.class.php 第 340 行.
NOTIC: [8] Undefined index: act_name E:\wamp\www\sxb\shipin_manager\Lib\Action\CommonAction.class.php 第 340 行.
NOTIC: [8] Undefined index: act_name E:\wamp\www\sxb\shipin_manager\Lib\Action\CommonAction.class.php 第 340 行.
NOTIC: [2] Illegal string offset 'act_name' E:\wamp\www\sxb\shipin_manager\Lib\Action\CommonAction.class.php 第 340 行.
NOTIC: [8] Undefined index: act_name E:\wamp\www\sxb\shipin_manager\Lib\Action\CommonAction.class.php 第 340 行.
NOTIC: [8] Undefined index: act_name E:\wamp\www\sxb\shipin_manager\Lib\Action\CommonAction.class.php 第 340 行.
NOTIC: [2] Illegal string offset 'act_name' E:\wamp\www\sxb\shipin_manager\Lib\Action\CommonAction.class.php 第 340 行.
NOTIC: [8] Undefined index: act_name E:\wamp\www\sxb\shipin_manager\Lib\Action\CommonAction.class.php 第 340 行.
NOTIC: [8] Undefined index: act_name E:\wamp\www\sxb\shipin_manager\Lib\Action\CommonAction.class.php 第 340 行.
NOTIC: [2] Illegal string offset 'act_name' E:\wamp\www\sxb\shipin_manager\Lib\Action\CommonAction.class.php 第 340 行.
NOTIC: [8] Undefined index: act_name E:\wamp\www\sxb\shipin_manager\Lib\Action\CommonAction.class.php 第 340 行.
NOTIC: [8] Undefined index: act_name E:\wamp\www\sxb\shipin_manager\Lib\Action\CommonAction.class.php 第 340 行.
NOTIC: [2] Illegal string offset 'act_name' E:\wamp\www\sxb\shipin_manager\Lib\Action\CommonAction.class.php 第 340 行.
NOTIC: [8] Undefined index: act_name E:\wamp\www\sxb\shipin_manager\Lib\Action\CommonAction.class.php 第 340 行.
NOTIC: [8] Undefined index: act_name E:\wamp\www\sxb\shipin_manager\Lib\Action\CommonAction.class.php 第 340 行.
NOTIC: [2] Illegal string offset 'act_name' E:\wamp\www\sxb\shipin_manager\Lib\Action\CommonAction.class.php 第 340 行.
NOTIC: [8] Undefined index: act_name E:\wamp\www\sxb\shipin_manager\Lib\Action\CommonAction.class.php 第 340 行.
NOTIC: [8] Undefined index: act_name E:\wamp\www\sxb\shipin_manager\Lib\Action\CommonAction.class.php 第 340 行.
NOTIC: [2] Illegal string offset 'act_name' E:\wamp\www\sxb\shipin_manager\Lib\Action\CommonAction.class.php 第 340 行.
NOTIC: [8] Undefined index: act_name E:\wamp\www\sxb\shipin_manager\Lib\Action\CommonAction.class.php 第 340 行.
NOTIC: [8] Undefined index: act_name E:\wamp\www\sxb\shipin_manager\Lib\Action\CommonAction.class.php 第 340 行.
NOTIC: [2] Illegal string offset 'act_name' E:\wamp\www\sxb\shipin_manager\Lib\Action\CommonAction.class.php 第 340 行.
NOTIC: [8] Undefined index: act_name E:\wamp\www\sxb\shipin_manager\Lib\Action\CommonAction.class.php 第 340 行.
NOTIC: [8] Undefined index: act_name E:\wamp\www\sxb\shipin_manager\Lib\Action\CommonAction.class.php 第 340 行.
NOTIC: [2] Illegal string offset 'act_name' E:\wamp\www\sxb\shipin_manager\Lib\Action\CommonAction.class.php 第 340 行.
NOTIC: [8] Undefined index: act_name E:\wamp\www\sxb\shipin_manager\Lib\Action\CommonAction.class.php 第 340 行.
NOTIC: [8] Undefined index: act_name E:\wamp\www\sxb\shipin_manager\Lib\Action\CommonAction.class.php 第 340 行.
NOTIC: [2] Illegal string offset 'act_name' E:\wamp\www\sxb\shipin_manager\Lib\Action\CommonAction.class.php 第 340 行.
NOTIC: [8] Undefined index: act_name E:\wamp\www\sxb\shipin_manager\Lib\Action\CommonAction.class.php 第 340 行.
NOTIC: [8] Undefined index: act_name E:\wamp\www\sxb\shipin_manager\Lib\Action\CommonAction.class.php 第 340 行.
NOTIC: [2] Illegal string offset 'act_name' E:\wamp\www\sxb\shipin_manager\Lib\Action\CommonAction.class.php 第 340 行.
NOTIC: [8] Undefined index: act_name E:\wamp\www\sxb\shipin_manager\Lib\Action\CommonAction.class.php 第 340 行.
NOTIC: [8] Undefined index: act_name E:\wamp\www\sxb\shipin_manager\Lib\Action\CommonAction.class.php 第 340 行.
NOTIC: [2] Illegal string offset 'act_name' E:\wamp\www\sxb\shipin_manager\Lib\Action\CommonAction.class.php 第 340 行.
NOTIC: [8] Undefined index: act_name E:\wamp\www\sxb\shipin_manager\Lib\Action\CommonAction.class.php 第 340 行.
NOTIC: [8] Undefined index: act_name E:\wamp\www\sxb\shipin_manager\Lib\Action\CommonAction.class.php 第 340 行.
NOTIC: [2] Illegal string offset 'act_name' E:\wamp\www\sxb\shipin_manager\Lib\Action\CommonAction.class.php 第 340 行.
NOTIC: [8] Undefined index: act_name E:\wamp\www\sxb\shipin_manager\Lib\Action\CommonAction.class.php 第 340 行.
NOTIC: [8] Undefined index: act_name E:\wamp\www\sxb\shipin_manager\Lib\Action\CommonAction.class.php 第 340 行.
NOTIC: [2] Illegal string offset 'act_name' E:\wamp\www\sxb\shipin_manager\Lib\Action\CommonAction.class.php 第 340 行.
NOTIC: [8] Undefined index: act_name E:\wamp\www\sxb\shipin_manager\Lib\Action\CommonAction.class.php 第 340 行.
NOTIC: [8] Undefined index: act_name E:\wamp\www\sxb\shipin_manager\Lib\Action\CommonAction.class.php 第 340 行.
NOTIC: [2] Illegal string offset 'act_name' E:\wamp\www\sxb\shipin_manager\Lib\Action\CommonAction.class.php 第 340 行.
NOTIC: [8] Undefined index: act_name E:\wamp\www\sxb\shipin_manager\Lib\Action\CommonAction.class.php 第 340 行.
NOTIC: [2] Illegal string offset 'act_name' E:\wamp\www\sxb\shipin_manager\Lib\Action\CommonAction.class.php 第 340 行.
NOTIC: [8] Undefined index: act_name E:\wamp\www\sxb\shipin_manager\Lib\Action\CommonAction.class.php 第 340 行.
NOTIC: [8] Undefined index: act_name E:\wamp\www\sxb\shipin_manager\Lib\Action\CommonAction.class.php 第 340 行.
NOTIC: [2] Illegal string offset 'act_name' E:\wamp\www\sxb\shipin_manager\Lib\Action\CommonAction.class.php 第 340 行.
NOTIC: [8] Undefined index: act_name E:\wamp\www\sxb\shipin_manager\Lib\Action\CommonAction.class.php 第 340 行.
NOTIC: [8] Undefined index: act_name E:\wamp\www\sxb\shipin_manager\Lib\Action\CommonAction.class.php 第 340 行.
NOTIC: [2] Illegal string offset 'act_name' E:\wamp\www\sxb\shipin_manager\Lib\Action\CommonAction.class.php 第 340 行.
NOTIC: [8] Undefined index: act_name E:\wamp\www\sxb\shipin_manager\Lib\Action\CommonAction.class.php 第 340 行.
NOTIC: [8] Undefined index: act_name E:\wamp\www\sxb\shipin_manager\Lib\Action\CommonAction.class.php 第 340 行.
NOTIC: [2] Illegal string offset 'act_name' E:\wamp\www\sxb\shipin_manager\Lib\Action\CommonAction.class.php 第 340 行.
NOTIC: [8] Undefined index: act_name E:\wamp\www\sxb\shipin_manager\Lib\Action\CommonAction.class.php 第 340 行.
NOTIC: [8] Undefined index: act_name E:\wamp\www\sxb\shipin_manager\Lib\Action\CommonAction.class.php 第 340 行.
NOTIC: [2] Illegal string offset 'act_name' E:\wamp\www\sxb\shipin_manager\Lib\Action\CommonAction.class.php 第 340 行.
NOTIC: [8] Undefined index: act_name E:\wamp\www\sxb\shipin_manager\Lib\Action\CommonAction.class.php 第 340 行.
NOTIC: [8] Undefined index: act_name E:\wamp\www\sxb\shipin_manager\Lib\Action\CommonAction.class.php 第 340 行.
NOTIC: [2] Illegal string offset 'act_name' E:\wamp\www\sxb\shipin_manager\Lib\Action\CommonAction.class.php 第 340 行.
NOTIC: [8] Undefined index: act_name E:\wamp\www\sxb\shipin_manager\Lib\Action\CommonAction.class.php 第 340 行.
NOTIC: [8] Undefined index: act_name E:\wamp\www\sxb\shipin_manager\Lib\Action\CommonAction.class.php 第 340 行.
NOTIC: [2] Illegal string offset 'act_name' E:\wamp\www\sxb\shipin_manager\Lib\Action\CommonAction.class.php 第 340 行.
NOTIC: [8] Undefined index: act_name E:\wamp\www\sxb\shipin_manager\Lib\Action\CommonAction.class.php 第 340 行.
NOTIC: [8] Undefined index: act_name E:\wamp\www\sxb\shipin_manager\Lib\Action\CommonAction.class.php 第 340 行.
SQL: SHOW COLUMNS FROM `ttgy_tmp_jd_order` [ RunTime:0.003000s ]
SQL: SHOW COLUMNS FROM `ttgy_groupbuying_order` [ RunTime:0.076005s ]
SQL: SHOW COLUMNS FROM `ttgy_order` [ RunTime:0.010000s ]
SQL: SHOW COLUMNS FROM `ttgy_order_address` [ RunTime:0.061003s ]
SQL: UPDATE `ttgy_tmp_jd_order` SET `rec_name`='赵艳',`rec_mobile`='13920615591',`rec_tel`='13920615591',`rec_address`='天津天津市西青区赛达二大道12号 新大洲本田摩托有限公司 天津分公司',`jd_can_shipping`=1,`check_can_jd_result`='',`status`=1,`print_num`=0,`is_export_to_warehome`=1,`shipping_status`='' WHERE ( `order_name` = 'bf1601122138140201' ) [ RunTime:0.125007s ]
SQL: UPDATE `ttgy_groupbuying_order` SET `recv_name`='赵艳',`recv_phone`='13920615591',`recv_address`='天津天津市西青区赛达二大道12号 新大洲本田摩托有限公司 天津分公司' WHERE ( `order_name` = 'bf1601122138140201' ) [ RunTime:1.541088s ]
SQL: SELECT `id` FROM `ttgy_order` WHERE ( `order_name` = 'bf1601122138140201' ) LIMIT 1   [ RunTime:0.016000s ]
SQL: UPDATE `ttgy_order_address` SET `position`='天津天津市西青区赛达二大道12号 新大洲本田摩托有限公司 天津分公司',`address`='天津天津市西青区赛达二大道12号 新大洲本田摩托有限公司 天津分公司',`name`='赵艳',`telephone`='13920615591',`mobile`='13920615591' WHERE ( `order_id` = null ) [ RunTime:0.000000s ]
SQL: UPDATE `ttgy_order` SET `check_can_jd`=1,`check_can_jd_result`='',`jd_can_shipping`=1 WHERE ( `order_name` = 'bf1601122138140201' ) [ RunTime:0.000000s ]

[ 2016-03-01T10:03:17+08:00 ] 127.0.0.1 /index.php?s=/jd_order/saveAddress
INFO: [ app_begin ] --START--
INFO: ReadHtmlCache Behavior ::run [ RunTime:0.001000s ]
INFO: [ app_begin ] --END-- [ RunTime:0.003000s ]
NOTIC: [2] Illegal string offset 'act_name' E:\wamp\www\sxb\shipin_manager\Lib\Action\CommonAction.class.php 第 340 行.
NOTIC: [8] Undefined index: act_name E:\wamp\www\sxb\shipin_manager\Lib\Action\CommonAction.class.php 第 340 行.
NOTIC: [8] Undefined index: act_name E:\wamp\www\sxb\shipin_manager\Lib\Action\CommonAction.class.php 第 340 行.
NOTIC: [2] Illegal string offset 'act_name' E:\wamp\www\sxb\shipin_manager\Lib\Action\CommonAction.class.php 第 340 行.
NOTIC: [8] Undefined index: act_name E:\wamp\www\sxb\shipin_manager\Lib\Action\CommonAction.class.php 第 340 行.
NOTIC: [8] Undefined index: act_name E:\wamp\www\sxb\shipin_manager\Lib\Action\CommonAction.class.php 第 340 行.
NOTIC: [2] Illegal string offset 'act_name' E:\wamp\www\sxb\shipin_manager\Lib\Action\CommonAction.class.php 第 340 行.
NOTIC: [8] Undefined index: act_name E:\wamp\www\sxb\shipin_manager\Lib\Action\CommonAction.class.php 第 340 行.
NOTIC: [8] Undefined index: act_name E:\wamp\www\sxb\shipin_manager\Lib\Action\CommonAction.class.php 第 340 行.
NOTIC: [2] Illegal string offset 'act_name' E:\wamp\www\sxb\shipin_manager\Lib\Action\CommonAction.class.php 第 340 行.
NOTIC: [8] Undefined index: act_name E:\wamp\www\sxb\shipin_manager\Lib\Action\CommonAction.class.php 第 340 行.
NOTIC: [8] Undefined index: act_name E:\wamp\www\sxb\shipin_manager\Lib\Action\CommonAction.class.php 第 340 行.
NOTIC: [2] Illegal string offset 'act_name' E:\wamp\www\sxb\shipin_manager\Lib\Action\CommonAction.class.php 第 340 行.
NOTIC: [8] Undefined index: act_name E:\wamp\www\sxb\shipin_manager\Lib\Action\CommonAction.class.php 第 340 行.
NOTIC: [8] Undefined index: act_name E:\wamp\www\sxb\shipin_manager\Lib\Action\CommonAction.class.php 第 340 行.
NOTIC: [2] Illegal string offset 'act_name' E:\wamp\www\sxb\shipin_manager\Lib\Action\CommonAction.class.php 第 340 行.
NOTIC: [8] Undefined index: act_name E:\wamp\www\sxb\shipin_manager\Lib\Action\CommonAction.class.php 第 340 行.
NOTIC: [8] Undefined index: act_name E:\wamp\www\sxb\shipin_manager\Lib\Action\CommonAction.class.php 第 340 行.
NOTIC: [2] Illegal string offset 'act_name' E:\wamp\www\sxb\shipin_manager\Lib\Action\CommonAction.class.php 第 340 行.
NOTIC: [8] Undefined index: act_name E:\wamp\www\sxb\shipin_manager\Lib\Action\CommonAction.class.php 第 340 行.
NOTIC: [8] Undefined index: act_name E:\wamp\www\sxb\shipin_manager\Lib\Action\CommonAction.class.php 第 340 行.
NOTIC: [2] Illegal string offset 'act_name' E:\wamp\www\sxb\shipin_manager\Lib\Action\CommonAction.class.php 第 340 行.
NOTIC: [8] Undefined index: act_name E:\wamp\www\sxb\shipin_manager\Lib\Action\CommonAction.class.php 第 340 行.
NOTIC: [8] Undefined index: act_name E:\wamp\www\sxb\shipin_manager\Lib\Action\CommonAction.class.php 第 340 行.
NOTIC: [2] Illegal string offset 'act_name' E:\wamp\www\sxb\shipin_manager\Lib\Action\CommonAction.class.php 第 340 行.
NOTIC: [8] Undefined index: act_name E:\wamp\www\sxb\shipin_manager\Lib\Action\CommonAction.class.php 第 340 行.
NOTIC: [8] Undefined index: act_name E:\wamp\www\sxb\shipin_manager\Lib\Action\CommonAction.class.php 第 340 行.
NOTIC: [2] Illegal string offset 'act_name' E:\wamp\www\sxb\shipin_manager\Lib\Action\CommonAction.class.php 第 340 行.
NOTIC: [8] Undefined index: act_name E:\wamp\www\sxb\shipin_manager\Lib\Action\CommonAction.class.php 第 340 行.
NOTIC: [8] Undefined index: act_name E:\wamp\www\sxb\shipin_manager\Lib\Action\CommonAction.class.php 第 340 行.
NOTIC: [2] Illegal string offset 'act_name' E:\wamp\www\sxb\shipin_manager\Lib\Action\CommonAction.class.php 第 340 行.
NOTIC: [8] Undefined index: act_name E:\wamp\www\sxb\shipin_manager\Lib\Action\CommonAction.class.php 第 340 行.
NOTIC: [8] Undefined index: act_name E:\wamp\www\sxb\shipin_manager\Lib\Action\CommonAction.class.php 第 340 行.
NOTIC: [2] Illegal string offset 'act_name' E:\wamp\www\sxb\shipin_manager\Lib\Action\CommonAction.class.php 第 340 行.
NOTIC: [8] Undefined index: act_name E:\wamp\www\sxb\shipin_manager\Lib\Action\CommonAction.class.php 第 340 行.
NOTIC: [8] Undefined index: act_name E:\wamp\www\sxb\shipin_manager\Lib\Action\CommonAction.class.php 第 340 行.
NOTIC: [2] Illegal string offset 'act_name' E:\wamp\www\sxb\shipin_manager\Lib\Action\CommonAction.class.php 第 340 行.
NOTIC: [8] Undefined index: act_name E:\wamp\www\sxb\shipin_manager\Lib\Action\CommonAction.class.php 第 340 行.
NOTIC: [8] Undefined index: act_name E:\wamp\www\sxb\shipin_manager\Lib\Action\CommonAction.class.php 第 340 行.
NOTIC: [2] Illegal string offset 'act_name' E:\wamp\www\sxb\shipin_manager\Lib\Action\CommonAction.class.php 第 340 行.
NOTIC: [8] Undefined index: act_name E:\wamp\www\sxb\shipin_manager\Lib\Action\CommonAction.class.php 第 340 行.
NOTIC: [8] Undefined index: act_name E:\wamp\www\sxb\shipin_manager\Lib\Action\CommonAction.class.php 第 340 行.
NOTIC: [2] Illegal string offset 'act_name' E:\wamp\www\sxb\shipin_manager\Lib\Action\CommonAction.class.php 第 340 行.
NOTIC: [8] Undefined index: act_name E:\wamp\www\sxb\shipin_manager\Lib\Action\CommonAction.class.php 第 340 行.
NOTIC: [8] Undefined index: act_name E:\wamp\www\sxb\shipin_manager\Lib\Action\CommonAction.class.php 第 340 行.
NOTIC: [2] Illegal string offset 'act_name' E:\wamp\www\sxb\shipin_manager\Lib\Action\CommonAction.class.php 第 340 行.
NOTIC: [8] Undefined index: act_name E:\wamp\www\sxb\shipin_manager\Lib\Action\CommonAction.class.php 第 340 行.
NOTIC: [2] Illegal string offset 'act_name' E:\wamp\www\sxb\shipin_manager\Lib\Action\CommonAction.class.php 第 340 行.
NOTIC: [8] Undefined index: act_name E:\wamp\www\sxb\shipin_manager\Lib\Action\CommonAction.class.php 第 340 行.
NOTIC: [8] Undefined index: act_name E:\wamp\www\sxb\shipin_manager\Lib\Action\CommonAction.class.php 第 340 行.
NOTIC: [2] Illegal string offset 'act_name' E:\wamp\www\sxb\shipin_manager\Lib\Action\CommonAction.class.php 第 340 行.
NOTIC: [8] Undefined index: act_name E:\wamp\www\sxb\shipin_manager\Lib\Action\CommonAction.class.php 第 340 行.
NOTIC: [8] Undefined index: act_name E:\wamp\www\sxb\shipin_manager\Lib\Action\CommonAction.class.php 第 340 行.
NOTIC: [2] Illegal string offset 'act_name' E:\wamp\www\sxb\shipin_manager\Lib\Action\CommonAction.class.php 第 340 行.
NOTIC: [8] Undefined index: act_name E:\wamp\www\sxb\shipin_manager\Lib\Action\CommonAction.class.php 第 340 行.
NOTIC: [8] Undefined index: act_name E:\wamp\www\sxb\shipin_manager\Lib\Action\CommonAction.class.php 第 340 行.
NOTIC: [2] Illegal string offset 'act_name' E:\wamp\www\sxb\shipin_manager\Lib\Action\CommonAction.class.php 第 340 行.
NOTIC: [8] Undefined index: act_name E:\wamp\www\sxb\shipin_manager\Lib\Action\CommonAction.class.php 第 340 行.
NOTIC: [8] Undefined index: act_name E:\wamp\www\sxb\shipin_manager\Lib\Action\CommonAction.class.php 第 340 行.
NOTIC: [2] Illegal string offset 'act_name' E:\wamp\www\sxb\shipin_manager\Lib\Action\CommonAction.class.php 第 340 行.
NOTIC: [8] Undefined index: act_name E:\wamp\www\sxb\shipin_manager\Lib\Action\CommonAction.class.php 第 340 行.
NOTIC: [8] Undefined index: act_name E:\wamp\www\sxb\shipin_manager\Lib\Action\CommonAction.class.php 第 340 行.
NOTIC: [2] Illegal string offset 'act_name' E:\wamp\www\sxb\shipin_manager\Lib\Action\CommonAction.class.php 第 340 行.
NOTIC: [8] Undefined index: act_name E:\wamp\www\sxb\shipin_manager\Lib\Action\CommonAction.class.php 第 340 行.
NOTIC: [8] Undefined index: act_name E:\wamp\www\sxb\shipin_manager\Lib\Action\CommonAction.class.php 第 340 行.
NOTIC: [2] Illegal string offset 'act_name' E:\wamp\www\sxb\shipin_manager\Lib\Action\CommonAction.class.php 第 340 行.
NOTIC: [8] Undefined index: act_name E:\wamp\www\sxb\shipin_manager\Lib\Action\CommonAction.class.php 第 340 行.
NOTIC: [8] Undefined index: act_name E:\wamp\www\sxb\shipin_manager\Lib\Action\CommonAction.class.php 第 340 行.
SQL: SHOW COLUMNS FROM `ttgy_tmp_jd_order` [ RunTime:0.008001s ]
SQL: SHOW COLUMNS FROM `ttgy_groupbuying_order` [ RunTime:0.009000s ]
SQL: SHOW COLUMNS FROM `ttgy_order` [ RunTime:0.006000s ]
SQL: SHOW COLUMNS FROM `ttgy_order_address` [ RunTime:0.002000s ]
SQL: UPDATE `ttgy_tmp_jd_order` SET `rec_name`='赵艳',`rec_mobile`='13920615591',`rec_tel`='13920615591',`rec_address`='天津天津市西青区赛达二大道12号 新大洲本田摩托有限公司 天津分公司4',`jd_can_shipping`=1,`check_can_jd_result`='',`status`=1,`print_num`=0,`is_export_to_warehome`=1,`shipping_status`='' WHERE ( `order_name` = 'bf1601122138140201' ) [ RunTime:0.081005s ]
SQL: UPDATE `ttgy_groupbuying_order` SET `recv_name`='赵艳',`recv_phone`='13920615591',`recv_address`='天津天津市西青区赛达二大道12号 新大洲本田摩托有限公司 天津分公司4' WHERE ( `order_name` = 'bf1601122138140201' ) [ RunTime:0.139008s ]
SQL: SELECT `id` FROM `ttgy_order` WHERE ( `order_name` = 'bf1601122138140201' ) LIMIT 1   [ RunTime:0.000000s ]
SQL: UPDATE `ttgy_order_address` SET `position`='天津天津市西青区赛达二大道12号 新大洲本田摩托有限公司 天津分公司4',`address`='天津天津市西青区赛达二大道12号 新大洲本田摩托有限公司 天津分公司4',`name`='赵艳',`telephone`='13920615591',`mobile`='13920615591' WHERE ( `order_id` = null ) [ RunTime:0.000000s ]
SQL: UPDATE `ttgy_order` SET `check_can_jd`=1,`check_can_jd_result`='',`jd_can_shipping`=1 WHERE ( `order_name` = 'bf1601122138140201' ) [ RunTime:0.001000s ]

[ 2016-03-01T10:04:05+08:00 ] 127.0.0.1 /index.php?s=/jd_order/searchUser
INFO: [ app_begin ] --START--
INFO: ReadHtmlCache Behavior ::run [ RunTime:0.001000s ]
INFO: [ app_begin ] --END-- [ RunTime:0.002000s ]
NOTIC: [2] Illegal string offset 'act_name' E:\wamp\www\sxb\shipin_manager\Lib\Action\CommonAction.class.php 第 340 行.
NOTIC: [8] Undefined index: act_name E:\wamp\www\sxb\shipin_manager\Lib\Action\CommonAction.class.php 第 340 行.
NOTIC: [8] Undefined index: act_name E:\wamp\www\sxb\shipin_manager\Lib\Action\CommonAction.class.php 第 340 行.
NOTIC: [2] Illegal string offset 'act_name' E:\wamp\www\sxb\shipin_manager\Lib\Action\CommonAction.class.php 第 340 行.
NOTIC: [8] Undefined index: act_name E:\wamp\www\sxb\shipin_manager\Lib\Action\CommonAction.class.php 第 340 行.
NOTIC: [8] Undefined index: act_name E:\wamp\www\sxb\shipin_manager\Lib\Action\CommonAction.class.php 第 340 行.
NOTIC: [2] Illegal string offset 'act_name' E:\wamp\www\sxb\shipin_manager\Lib\Action\CommonAction.class.php 第 340 行.
NOTIC: [8] Undefined index: act_name E:\wamp\www\sxb\shipin_manager\Lib\Action\CommonAction.class.php 第 340 行.
NOTIC: [8] Undefined index: act_name E:\wamp\www\sxb\shipin_manager\Lib\Action\CommonAction.class.php 第 340 行.
NOTIC: [2] Illegal string offset 'act_name' E:\wamp\www\sxb\shipin_manager\Lib\Action\CommonAction.class.php 第 340 行.
NOTIC: [8] Undefined index: act_name E:\wamp\www\sxb\shipin_manager\Lib\Action\CommonAction.class.php 第 340 行.
NOTIC: [8] Undefined index: act_name E:\wamp\www\sxb\shipin_manager\Lib\Action\CommonAction.class.php 第 340 行.
NOTIC: [2] Illegal string offset 'act_name' E:\wamp\www\sxb\shipin_manager\Lib\Action\CommonAction.class.php 第 340 行.
NOTIC: [8] Undefined index: act_name E:\wamp\www\sxb\shipin_manager\Lib\Action\CommonAction.class.php 第 340 行.
NOTIC: [8] Undefined index: act_name E:\wamp\www\sxb\shipin_manager\Lib\Action\CommonAction.class.php 第 340 行.
NOTIC: [2] Illegal string offset 'act_name' E:\wamp\www\sxb\shipin_manager\Lib\Action\CommonAction.class.php 第 340 行.
NOTIC: [8] Undefined index: act_name E:\wamp\www\sxb\shipin_manager\Lib\Action\CommonAction.class.php 第 340 行.
NOTIC: [8] Undefined index: act_name E:\wamp\www\sxb\shipin_manager\Lib\Action\CommonAction.class.php 第 340 行.
NOTIC: [2] Illegal string offset 'act_name' E:\wamp\www\sxb\shipin_manager\Lib\Action\CommonAction.class.php 第 340 行.
NOTIC: [8] Undefined index: act_name E:\wamp\www\sxb\shipin_manager\Lib\Action\CommonAction.class.php 第 340 行.
NOTIC: [8] Undefined index: act_name E:\wamp\www\sxb\shipin_manager\Lib\Action\CommonAction.class.php 第 340 行.
NOTIC: [2] Illegal string offset 'act_name' E:\wamp\www\sxb\shipin_manager\Lib\Action\CommonAction.class.php 第 340 行.
NOTIC: [8] Undefined index: act_name E:\wamp\www\sxb\shipin_manager\Lib\Action\CommonAction.class.php 第 340 行.
NOTIC: [8] Undefined index: act_name E:\wamp\www\sxb\shipin_manager\Lib\Action\CommonAction.class.php 第 340 行.
NOTIC: [2] Illegal string offset 'act_name' E:\wamp\www\sxb\shipin_manager\Lib\Action\CommonAction.class.php 第 340 行.
NOTIC: [8] Undefined index: act_name E:\wamp\www\sxb\shipin_manager\Lib\Action\CommonAction.class.php 第 340 行.
NOTIC: [8] Undefined index: act_name E:\wamp\www\sxb\shipin_manager\Lib\Action\CommonAction.class.php 第 340 行.
NOTIC: [2] Illegal string offset 'act_name' E:\wamp\www\sxb\shipin_manager\Lib\Action\CommonAction.class.php 第 340 行.
NOTIC: [8] Undefined index: act_name E:\wamp\www\sxb\shipin_manager\Lib\Action\CommonAction.class.php 第 340 行.
NOTIC: [8] Undefined index: act_name E:\wamp\www\sxb\shipin_manager\Lib\Action\CommonAction.class.php 第 340 行.
NOTIC: [2] Illegal string offset 'act_name' E:\wamp\www\sxb\shipin_manager\Lib\Action\CommonAction.class.php 第 340 行.
NOTIC: [8] Undefined index: act_name E:\wamp\www\sxb\shipin_manager\Lib\Action\CommonAction.class.php 第 340 行.
NOTIC: [8] Undefined index: act_name E:\wamp\www\sxb\shipin_manager\Lib\Action\CommonAction.class.php 第 340 行.
NOTIC: [2] Illegal string offset 'act_name' E:\wamp\www\sxb\shipin_manager\Lib\Action\CommonAction.class.php 第 340 行.
NOTIC: [8] Undefined index: act_name E:\wamp\www\sxb\shipin_manager\Lib\Action\CommonAction.class.php 第 340 行.
NOTIC: [8] Undefined index: act_name E:\wamp\www\sxb\shipin_manager\Lib\Action\CommonAction.class.php 第 340 行.
NOTIC: [2] Illegal string offset 'act_name' E:\wamp\www\sxb\shipin_manager\Lib\Action\CommonAction.class.php 第 340 行.
NOTIC: [8] Undefined index: act_name E:\wamp\www\sxb\shipin_manager\Lib\Action\CommonAction.class.php 第 340 行.
NOTIC: [8] Undefined index: act_name E:\wamp\www\sxb\shipin_manager\Lib\Action\CommonAction.class.php 第 340 行.
NOTIC: [2] Illegal string offset 'act_name' E:\wamp\www\sxb\shipin_manager\Lib\Action\CommonAction.class.php 第 340 行.
NOTIC: [8] Undefined index: act_name E:\wamp\www\sxb\shipin_manager\Lib\Action\CommonAction.class.php 第 340 行.
NOTIC: [8] Undefined index: act_name E:\wamp\www\sxb\shipin_manager\Lib\Action\CommonAction.class.php 第 340 行.
NOTIC: [2] Illegal string offset 'act_name' E:\wamp\www\sxb\shipin_manager\Lib\Action\CommonAction.class.php 第 340 行.
NOTIC: [8] Undefined index: act_name E:\wamp\www\sxb\shipin_manager\Lib\Action\CommonAction.class.php 第 340 行.
NOTIC: [8] Undefined index: act_name E:\wamp\www\sxb\shipin_manager\Lib\Action\CommonAction.class.php 第 340 行.
NOTIC: [2] Illegal string offset 'act_name' E:\wamp\www\sxb\shipin_manager\Lib\Action\CommonAction.class.php 第 340 行.
NOTIC: [8] Undefined index: act_name E:\wamp\www\sxb\shipin_manager\Lib\Action\CommonAction.class.php 第 340 行.
NOTIC: [2] Illegal string offset 'act_name' E:\wamp\www\sxb\shipin_manager\Lib\Action\CommonAction.class.php 第 340 行.
NOTIC: [8] Undefined index: act_name E:\wamp\www\sxb\shipin_manager\Lib\Action\CommonAction.class.php 第 340 行.
NOTIC: [8] Undefined index: act_name E:\wamp\www\sxb\shipin_manager\Lib\Action\CommonAction.class.php 第 340 行.
NOTIC: [2] Illegal string offset 'act_name' E:\wamp\www\sxb\shipin_manager\Lib\Action\CommonAction.class.php 第 340 行.
NOTIC: [8] Undefined index: act_name E:\wamp\www\sxb\shipin_manager\Lib\Action\CommonAction.class.php 第 340 行.
NOTIC: [8] Undefined index: act_name E:\wamp\www\sxb\shipin_manager\Lib\Action\CommonAction.class.php 第 340 行.
NOTIC: [2] Illegal string offset 'act_name' E:\wamp\www\sxb\shipin_manager\Lib\Action\CommonAction.class.php 第 340 行.
NOTIC: [8] Undefined index: act_name E:\wamp\www\sxb\shipin_manager\Lib\Action\CommonAction.class.php 第 340 行.
NOTIC: [8] Undefined index: act_name E:\wamp\www\sxb\shipin_manager\Lib\Action\CommonAction.class.php 第 340 行.
NOTIC: [2] Illegal string offset 'act_name' E:\wamp\www\sxb\shipin_manager\Lib\Action\CommonAction.class.php 第 340 行.
NOTIC: [8] Undefined index: act_name E:\wamp\www\sxb\shipin_manager\Lib\Action\CommonAction.class.php 第 340 行.
NOTIC: [8] Undefined index: act_name E:\wamp\www\sxb\shipin_manager\Lib\Action\CommonAction.class.php 第 340 行.
NOTIC: [2] Illegal string offset 'act_name' E:\wamp\www\sxb\shipin_manager\Lib\Action\CommonAction.class.php 第 340 行.
NOTIC: [8] Undefined index: act_name E:\wamp\www\sxb\shipin_manager\Lib\Action\CommonAction.class.php 第 340 行.
NOTIC: [8] Undefined index: act_name E:\wamp\www\sxb\shipin_manager\Lib\Action\CommonAction.class.php 第 340 行.
NOTIC: [2] Illegal string offset 'act_name' E:\wamp\www\sxb\shipin_manager\Lib\Action\CommonAction.class.php 第 340 行.
NOTIC: [8] Undefined index: act_name E:\wamp\www\sxb\shipin_manager\Lib\Action\CommonAction.class.php 第 340 行.
NOTIC: [8] Undefined index: act_name E:\wamp\www\sxb\shipin_manager\Lib\Action\CommonAction.class.php 第 340 行.
NOTIC: [2] Illegal string offset 'act_name' E:\wamp\www\sxb\shipin_manager\Lib\Action\CommonAction.class.php 第 340 行.
NOTIC: [8] Undefined index: act_name E:\wamp\www\sxb\shipin_manager\Lib\Action\CommonAction.class.php 第 340 行.
NOTIC: [8] Undefined index: act_name E:\wamp\www\sxb\shipin_manager\Lib\Action\CommonAction.class.php 第 340 行.
SQL: SHOW COLUMNS FROM `ttgy_user` [ RunTime:0.002000s ]
SQL: SELECT `username` FROM `ttgy_user` WHERE ( `mobile` = '13563789968' ) LIMIT 1   [ RunTime:0.008001s ]

[ 2016-03-01T10:04:12+08:00 ] 127.0.0.1 /index.php?s=/jd_order/saveAddress
INFO: [ app_begin ] --START--
INFO: ReadHtmlCache Behavior ::run [ RunTime:0.001000s ]
INFO: [ app_begin ] --END-- [ RunTime:0.002001s ]
NOTIC: [2] Illegal string offset 'act_name' E:\wamp\www\sxb\shipin_manager\Lib\Action\CommonAction.class.php 第 340 行.
NOTIC: [8] Undefined index: act_name E:\wamp\www\sxb\shipin_manager\Lib\Action\CommonAction.class.php 第 340 行.
NOTIC: [8] Undefined index: act_name E:\wamp\www\sxb\shipin_manager\Lib\Action\CommonAction.class.php 第 340 行.
NOTIC: [2] Illegal string offset 'act_name' E:\wamp\www\sxb\shipin_manager\Lib\Action\CommonAction.class.php 第 340 行.
NOTIC: [8] Undefined index: act_name E:\wamp\www\sxb\shipin_manager\Lib\Action\CommonAction.class.php 第 340 行.
NOTIC: [8] Undefined index: act_name E:\wamp\www\sxb\shipin_manager\Lib\Action\CommonAction.class.php 第 340 行.
NOTIC: [2] Illegal string offset 'act_name' E:\wamp\www\sxb\shipin_manager\Lib\Action\CommonAction.class.php 第 340 行.
NOTIC: [8] Undefined index: act_name E:\wamp\www\sxb\shipin_manager\Lib\Action\CommonAction.class.php 第 340 行.
NOTIC: [8] Undefined index: act_name E:\wamp\www\sxb\shipin_manager\Lib\Action\CommonAction.class.php 第 340 行.
NOTIC: [2] Illegal string offset 'act_name' E:\wamp\www\sxb\shipin_manager\Lib\Action\CommonAction.class.php 第 340 行.
NOTIC: [8] Undefined index: act_name E:\wamp\www\sxb\shipin_manager\Lib\Action\CommonAction.class.php 第 340 行.
NOTIC: [8] Undefined index: act_name E:\wamp\www\sxb\shipin_manager\Lib\Action\CommonAction.class.php 第 340 行.
NOTIC: [2] Illegal string offset 'act_name' E:\wamp\www\sxb\shipin_manager\Lib\Action\CommonAction.class.php 第 340 行.
NOTIC: [8] Undefined index: act_name E:\wamp\www\sxb\shipin_manager\Lib\Action\CommonAction.class.php 第 340 行.
NOTIC: [8] Undefined index: act_name E:\wamp\www\sxb\shipin_manager\Lib\Action\CommonAction.class.php 第 340 行.
NOTIC: [2] Illegal string offset 'act_name' E:\wamp\www\sxb\shipin_manager\Lib\Action\CommonAction.class.php 第 340 行.
NOTIC: [8] Undefined index: act_name E:\wamp\www\sxb\shipin_manager\Lib\Action\CommonAction.class.php 第 340 行.
NOTIC: [8] Undefined index: act_name E:\wamp\www\sxb\shipin_manager\Lib\Action\CommonAction.class.php 第 340 行.
NOTIC: [2] Illegal string offset 'act_name' E:\wamp\www\sxb\shipin_manager\Lib\Action\CommonAction.class.php 第 340 行.
NOTIC: [8] Undefined index: act_name E:\wamp\www\sxb\shipin_manager\Lib\Action\CommonAction.class.php 第 340 行.
NOTIC: [8] Undefined index: act_name E:\wamp\www\sxb\shipin_manager\Lib\Action\CommonAction.class.php 第 340 行.
NOTIC: [2] Illegal string offset 'act_name' E:\wamp\www\sxb\shipin_manager\Lib\Action\CommonAction.class.php 第 340 行.
NOTIC: [8] Undefined index: act_name E:\wamp\www\sxb\shipin_manager\Lib\Action\CommonAction.class.php 第 340 行.
NOTIC: [8] Undefined index: act_name E:\wamp\www\sxb\shipin_manager\Lib\Action\CommonAction.class.php 第 340 行.
NOTIC: [2] Illegal string offset 'act_name' E:\wamp\www\sxb\shipin_manager\Lib\Action\CommonAction.class.php 第 340 行.
NOTIC: [8] Undefined index: act_name E:\wamp\www\sxb\shipin_manager\Lib\Action\CommonAction.class.php 第 340 行.
NOTIC: [8] Undefined index: act_name E:\wamp\www\sxb\shipin_manager\Lib\Action\CommonAction.class.php 第 340 行.
NOTIC: [2] Illegal string offset 'act_name' E:\wamp\www\sxb\shipin_manager\Lib\Action\CommonAction.class.php 第 340 行.
NOTIC: [8] Undefined index: act_name E:\wamp\www\sxb\shipin_manager\Lib\Action\CommonAction.class.php 第 340 行.
NOTIC: [8] Undefined index: act_name E:\wamp\www\sxb\shipin_manager\Lib\Action\CommonAction.class.php 第 340 行.
NOTIC: [2] Illegal string offset 'act_name' E:\wamp\www\sxb\shipin_manager\Lib\Action\CommonAction.class.php 第 340 行.
NOTIC: [8] Undefined index: act_name E:\wamp\www\sxb\shipin_manager\Lib\Action\CommonAction.class.php 第 340 行.
NOTIC: [8] Undefined index: act_name E:\wamp\www\sxb\shipin_manager\Lib\Action\CommonAction.class.php 第 340 行.
NOTIC: [2] Illegal string offset 'act_name' E:\wamp\www\sxb\shipin_manager\Lib\Action\CommonAction.class.php 第 340 行.
NOTIC: [8] Undefined index: act_name E:\wamp\www\sxb\shipin_manager\Lib\Action\CommonAction.class.php 第 340 行.
NOTIC: [8] Undefined index: act_name E:\wamp\www\sxb\shipin_manager\Lib\Action\CommonAction.class.php 第 340 行.
NOTIC: [2] Illegal string offset 'act_name' E:\wamp\www\sxb\shipin_manager\Lib\Action\CommonAction.class.php 第 340 行.
NOTIC: [8] Undefined index: act_name E:\wamp\www\sxb\shipin_manager\Lib\Action\CommonAction.class.php 第 340 行.
NOTIC: [8] Undefined index: act_name E:\wamp\www\sxb\shipin_manager\Lib\Action\CommonAction.class.php 第 340 行.
NOTIC: [2] Illegal string offset 'act_name' E:\wamp\www\sxb\shipin_manager\Lib\Action\CommonAction.class.php 第 340 行.
NOTIC: [8] Undefined index: act_name E:\wamp\www\sxb\shipin_manager\Lib\Action\CommonAction.class.php 第 340 行.
NOTIC: [8] Undefined index: act_name E:\wamp\www\sxb\shipin_manager\Lib\Action\CommonAction.class.php 第 340 行.
NOTIC: [2] Illegal string offset 'act_name' E:\wamp\www\sxb\shipin_manager\Lib\Action\CommonAction.class.php 第 340 行.
NOTIC: [8] Undefined index: act_name E:\wamp\www\sxb\shipin_manager\Lib\Action\CommonAction.class.php 第 340 行.
NOTIC: [8] Undefined index: act_name E:\wamp\www\sxb\shipin_manager\Lib\Action\CommonAction.class.php 第 340 行.
NOTIC: [2] Illegal string offset 'act_name' E:\wamp\www\sxb\shipin_manager\Lib\Action\CommonAction.class.php 第 340 行.
NOTIC: [8] Undefined index: act_name E:\wamp\www\sxb\shipin_manager\Lib\Action\CommonAction.class.php 第 340 行.
NOTIC: [2] Illegal string offset 'act_name' E:\wamp\www\sxb\shipin_manager\Lib\Action\CommonAction.class.php 第 340 行.
NOTIC: [8] Undefined index: act_name E:\wamp\www\sxb\shipin_manager\Lib\Action\CommonAction.class.php 第 340 行.
NOTIC: [8] Undefined index: act_name E:\wamp\www\sxb\shipin_manager\Lib\Action\CommonAction.class.php 第 340 行.
NOTIC: [2] Illegal string offset 'act_name' E:\wamp\www\sxb\shipin_manager\Lib\Action\CommonAction.class.php 第 340 行.
NOTIC: [8] Undefined index: act_name E:\wamp\www\sxb\shipin_manager\Lib\Action\CommonAction.class.php 第 340 行.
NOTIC: [8] Undefined index: act_name E:\wamp\www\sxb\shipin_manager\Lib\Action\CommonAction.class.php 第 340 行.
NOTIC: [2] Illegal string offset 'act_name' E:\wamp\www\sxb\shipin_manager\Lib\Action\CommonAction.class.php 第 340 行.
NOTIC: [8] Undefined index: act_name E:\wamp\www\sxb\shipin_manager\Lib\Action\CommonAction.class.php 第 340 行.
NOTIC: [8] Undefined index: act_name E:\wamp\www\sxb\shipin_manager\Lib\Action\CommonAction.class.php 第 340 行.
NOTIC: [2] Illegal string offset 'act_name' E:\wamp\www\sxb\shipin_manager\Lib\Action\CommonAction.class.php 第 340 行.
NOTIC: [8] Undefined index: act_name E:\wamp\www\sxb\shipin_manager\Lib\Action\CommonAction.class.php 第 340 行.
NOTIC: [8] Undefined index: act_name E:\wamp\www\sxb\shipin_manager\Lib\Action\CommonAction.class.php 第 340 行.
NOTIC: [2] Illegal string offset 'act_name' E:\wamp\www\sxb\shipin_manager\Lib\Action\CommonAction.class.php 第 340 行.
NOTIC: [8] Undefined index: act_name E:\wamp\www\sxb\shipin_manager\Lib\Action\CommonAction.class.php 第 340 行.
NOTIC: [8] Undefined index: act_name E:\wamp\www\sxb\shipin_manager\Lib\Action\CommonAction.class.php 第 340 行.
NOTIC: [2] Illegal string offset 'act_name' E:\wamp\www\sxb\shipin_manager\Lib\Action\CommonAction.class.php 第 340 行.
NOTIC: [8] Undefined index: act_name E:\wamp\www\sxb\shipin_manager\Lib\Action\CommonAction.class.php 第 340 行.
NOTIC: [8] Undefined index: act_name E:\wamp\www\sxb\shipin_manager\Lib\Action\CommonAction.class.php 第 340 行.
NOTIC: [2] Illegal string offset 'act_name' E:\wamp\www\sxb\shipin_manager\Lib\Action\CommonAction.class.php 第 340 行.
NOTIC: [8] Undefined index: act_name E:\wamp\www\sxb\shipin_manager\Lib\Action\CommonAction.class.php 第 340 行.
NOTIC: [8] Undefined index: act_name E:\wamp\www\sxb\shipin_manager\Lib\Action\CommonAction.class.php 第 340 行.
SQL: SHOW COLUMNS FROM `ttgy_tmp_jd_order` [ RunTime:0.002000s ]
SQL: SHOW COLUMNS FROM `ttgy_groupbuying_order` [ RunTime:0.002000s ]
SQL: SHOW COLUMNS FROM `ttgy_order` [ RunTime:0.003001s ]
SQL: SHOW COLUMNS FROM `ttgy_order_address` [ RunTime:0.002000s ]
SQL: UPDATE `ttgy_tmp_jd_order` SET `rec_name`='赵燕红',`rec_mobile`='13563789968',`rec_tel`='13563789968',`rec_address`='山东省济宁市任城区济宁中级人民法院新宿舍432432423',`jd_can_shipping`=1,`check_can_jd_result`='',`status`=1,`print_num`=0,`is_export_to_warehome`=1,`shipping_status`='' WHERE ( `order_name` = 'bf1601141943012371' ) [ RunTime:0.126007s ]
SQL: UPDATE `ttgy_groupbuying_order` SET `recv_name`='赵燕红',`recv_phone`='13563789968',`recv_address`='山东省济宁市任城区济宁中级人民法院新宿舍432432423' WHERE ( `order_name` = 'bf1601141943012371' ) [ RunTime:0.145008s ]
SQL: SELECT `id` FROM `ttgy_order` WHERE ( `order_name` = 'bf1601141943012371' ) LIMIT 1   [ RunTime:0.000000s ]
SQL: UPDATE `ttgy_order_address` SET `position`='山东省济宁市任城区济宁中级人民法院新宿舍432432423',`address`='山东省济宁市任城区济宁中级人民法院新宿舍432432423',`name`='赵燕红',`telephone`='13563789968',`mobile`='13563789968' WHERE ( `order_id` = null ) [ RunTime:0.001000s ]
SQL: UPDATE `ttgy_order` SET `check_can_jd`=1,`check_can_jd_result`='',`jd_can_shipping`=1 WHERE ( `order_name` = 'bf1601141943012371' ) [ RunTime:0.000000s ]

[ 2016-03-01T10:04:17+08:00 ] 127.0.0.1 /Public/admin/v3/js/jquery.nanoscroller.min.map
ERR: 非法操作:admin

[ 2016-03-01T10:04:21+08:00 ] 127.0.0.1 /Public/admin/v3/js/jquery.nanoscroller.min.map
ERR: 非法操作:admin

[ 2016-03-01T10:04:30+08:00 ] 127.0.0.1 /index.php?s=/jd_order/searchUser
INFO: [ app_begin ] --START--
INFO: ReadHtmlCache Behavior ::run [ RunTime:0.001000s ]
INFO: [ app_begin ] --END-- [ RunTime:0.002000s ]
NOTIC: [2] Illegal string offset 'act_name' E:\wamp\www\sxb\shipin_manager\Lib\Action\CommonAction.class.php 第 340 行.
NOTIC: [8] Undefined index: act_name E:\wamp\www\sxb\shipin_manager\Lib\Action\CommonAction.class.php 第 340 行.
NOTIC: [8] Undefined index: act_name E:\wamp\www\sxb\shipin_manager\Lib\Action\CommonAction.class.php 第 340 行.
NOTIC: [2] Illegal string offset 'act_name' E:\wamp\www\sxb\shipin_manager\Lib\Action\CommonAction.class.php 第 340 行.
NOTIC: [8] Undefined index: act_name E:\wamp\www\sxb\shipin_manager\Lib\Action\CommonAction.class.php 第 340 行.
NOTIC: [8] Undefined index: act_name E:\wamp\www\sxb\shipin_manager\Lib\Action\CommonAction.class.php 第 340 行.
NOTIC: [2] Illegal string offset 'act_name' E:\wamp\www\sxb\shipin_manager\Lib\Action\CommonAction.class.php 第 340 行.
NOTIC: [8] Undefined index: act_name E:\wamp\www\sxb\shipin_manager\Lib\Action\CommonAction.class.php 第 340 行.
NOTIC: [8] Undefined index: act_name E:\wamp\www\sxb\shipin_manager\Lib\Action\CommonAction.class.php 第 340 行.
NOTIC: [2] Illegal string offset 'act_name' E:\wamp\www\sxb\shipin_manager\Lib\Action\CommonAction.class.php 第 340 行.
NOTIC: [8] Undefined index: act_name E:\wamp\www\sxb\shipin_manager\Lib\Action\CommonAction.class.php 第 340 行.
NOTIC: [8] Undefined index: act_name E:\wamp\www\sxb\shipin_manager\Lib\Action\CommonAction.class.php 第 340 行.
NOTIC: [2] Illegal string offset 'act_name' E:\wamp\www\sxb\shipin_manager\Lib\Action\CommonAction.class.php 第 340 行.
NOTIC: [8] Undefined index: act_name E:\wamp\www\sxb\shipin_manager\Lib\Action\CommonAction.class.php 第 340 行.
NOTIC: [8] Undefined index: act_name E:\wamp\www\sxb\shipin_manager\Lib\Action\CommonAction.class.php 第 340 行.
NOTIC: [2] Illegal string offset 'act_name' E:\wamp\www\sxb\shipin_manager\Lib\Action\CommonAction.class.php 第 340 行.
NOTIC: [8] Undefined index: act_name E:\wamp\www\sxb\shipin_manager\Lib\Action\CommonAction.class.php 第 340 行.
NOTIC: [8] Undefined index: act_name E:\wamp\www\sxb\shipin_manager\Lib\Action\CommonAction.class.php 第 340 行.
NOTIC: [2] Illegal string offset 'act_name' E:\wamp\www\sxb\shipin_manager\Lib\Action\CommonAction.class.php 第 340 行.
NOTIC: [8] Undefined index: act_name E:\wamp\www\sxb\shipin_manager\Lib\Action\CommonAction.class.php 第 340 行.
NOTIC: [8] Undefined index: act_name E:\wamp\www\sxb\shipin_manager\Lib\Action\CommonAction.class.php 第 340 行.
NOTIC: [2] Illegal string offset 'act_name' E:\wamp\www\sxb\shipin_manager\Lib\Action\CommonAction.class.php 第 340 行.
NOTIC: [8] Undefined index: act_name E:\wamp\www\sxb\shipin_manager\Lib\Action\CommonAction.class.php 第 340 行.
NOTIC: [8] Undefined index: act_name E:\wamp\www\sxb\shipin_manager\Lib\Action\CommonAction.class.php 第 340 行.
NOTIC: [2] Illegal string offset 'act_name' E:\wamp\www\sxb\shipin_manager\Lib\Action\CommonAction.class.php 第 340 行.
NOTIC: [8] Undefined index: act_name E:\wamp\www\sxb\shipin_manager\Lib\Action\CommonAction.class.php 第 340 行.
NOTIC: [8] Undefined index: act_name E:\wamp\www\sxb\shipin_manager\Lib\Action\CommonAction.class.php 第 340 行.
NOTIC: [2] Illegal string offset 'act_name' E:\wamp\www\sxb\shipin_manager\Lib\Action\CommonAction.class.php 第 340 行.
NOTIC: [8] Undefined index: act_name E:\wamp\www\sxb\shipin_manager\Lib\Action\CommonAction.class.php 第 340 行.
NOTIC: [8] Undefined index: act_name E:\wamp\www\sxb\shipin_manager\Lib\Action\CommonAction.class.php 第 340 行.
NOTIC: [2] Illegal string offset 'act_name' E:\wamp\www\sxb\shipin_manager\Lib\Action\CommonAction.class.php 第 340 行.
NOTIC: [8] Undefined index: act_name E:\wamp\www\sxb\shipin_manager\Lib\Action\CommonAction.class.php 第 340 行.
NOTIC: [8] Undefined index: act_name E:\wamp\www\sxb\shipin_manager\Lib\Action\CommonAction.class.php 第 340 行.
NOTIC: [2] Illegal string offset 'act_name' E:\wamp\www\sxb\shipin_manager\Lib\Action\CommonAction.class.php 第 340 行.
NOTIC: [8] Undefined index: act_name E:\wamp\www\sxb\shipin_manager\Lib\Action\CommonAction.class.php 第 340 行.
NOTIC: [8] Undefined index: act_name E:\wamp\www\sxb\shipin_manager\Lib\Action\CommonAction.class.php 第 340 行.
NOTIC: [2] Illegal string offset 'act_name' E:\wamp\www\sxb\shipin_manager\Lib\Action\CommonAction.class.php 第 340 行.
NOTIC: [8] Undefined index: act_name E:\wamp\www\sxb\shipin_manager\Lib\Action\CommonAction.class.php 第 340 行.
NOTIC: [8] Undefined index: act_name E:\wamp\www\sxb\shipin_manager\Lib\Action\CommonAction.class.php 第 340 行.
NOTIC: [2] Illegal string offset 'act_name' E:\wamp\www\sxb\shipin_manager\Lib\Action\CommonAction.class.php 第 340 行.
NOTIC: [8] Undefined index: act_name E:\wamp\www\sxb\shipin_manager\Lib\Action\CommonAction.class.php 第 340 行.
NOTIC: [8] Undefined index: act_name E:\wamp\www\sxb\shipin_manager\Lib\Action\CommonAction.class.php 第 340 行.
NOTIC: [2] Illegal string offset 'act_name' E:\wamp\www\sxb\shipin_manager\Lib\Action\CommonAction.class.php 第 340 行.
NOTIC: [8] Undefined index: act_name E:\wamp\www\sxb\shipin_manager\Lib\Action\CommonAction.class.php 第 340 行.
NOTIC: [8] Undefined index: act_name E:\wamp\www\sxb\shipin_manager\Lib\Action\CommonAction.class.php 第 340 行.
NOTIC: [2] Illegal string offset 'act_name' E:\wamp\www\sxb\shipin_manager\Lib\Action\CommonAction.class.php 第 340 行.
NOTIC: [8] Undefined index: act_name E:\wamp\www\sxb\shipin_manager\Lib\Action\CommonAction.class.php 第 340 行.
NOTIC: [2] Illegal string offset 'act_name' E:\wamp\www\sxb\shipin_manager\Lib\Action\CommonAction.class.php 第 340 行.
NOTIC: [8] Undefined index: act_name E:\wamp\www\sxb\shipin_manager\Lib\Action\CommonAction.class.php 第 340 行.
NOTIC: [8] Undefined index: act_name E:\wamp\www\sxb\shipin_manager\Lib\Action\CommonAction.class.php 第 340 行.
NOTIC: [2] Illegal string offset 'act_name' E:\wamp\www\sxb\shipin_manager\Lib\Action\CommonAction.class.php 第 340 行.
NOTIC: [8] Undefined index: act_name E:\wamp\www\sxb\shipin_manager\Lib\Action\CommonAction.class.php 第 340 行.
NOTIC: [8] Undefined index: act_name E:\wamp\www\sxb\shipin_manager\Lib\Action\CommonAction.class.php 第 340 行.
NOTIC: [2] Illegal string offset 'act_name' E:\wamp\www\sxb\shipin_manager\Lib\Action\CommonAction.class.php 第 340 行.
NOTIC: [8] Undefined index: act_name E:\wamp\www\sxb\shipin_manager\Lib\Action\CommonAction.class.php 第 340 行.
NOTIC: [8] Undefined index: act_name E:\wamp\www\sxb\shipin_manager\Lib\Action\CommonAction.class.php 第 340 行.
NOTIC: [2] Illegal string offset 'act_name' E:\wamp\www\sxb\shipin_manager\Lib\Action\CommonAction.class.php 第 340 行.
NOTIC: [8] Undefined index: act_name E:\wamp\www\sxb\shipin_manager\Lib\Action\CommonAction.class.php 第 340 行.
NOTIC: [8] Undefined index: act_name E:\wamp\www\sxb\shipin_manager\Lib\Action\CommonAction.class.php 第 340 行.
NOTIC: [2] Illegal string offset 'act_name' E:\wamp\www\sxb\shipin_manager\Lib\Action\CommonAction.class.php 第 340 行.
NOTIC: [8] Undefined index: act_name E:\wamp\www\sxb\shipin_manager\Lib\Action\CommonAction.class.php 第 340 行.
NOTIC: [8] Undefined index: act_name E:\wamp\www\sxb\shipin_manager\Lib\Action\CommonAction.class.php 第 340 行.
NOTIC: [2] Illegal string offset 'act_name' E:\wamp\www\sxb\shipin_manager\Lib\Action\CommonAction.class.php 第 340 行.
NOTIC: [8] Undefined index: act_name E:\wamp\www\sxb\shipin_manager\Lib\Action\CommonAction.class.php 第 340 行.
NOTIC: [8] Undefined index: act_name E:\wamp\www\sxb\shipin_manager\Lib\Action\CommonAction.class.php 第 340 行.
NOTIC: [2] Illegal string offset 'act_name' E:\wamp\www\sxb\shipin_manager\Lib\Action\CommonAction.class.php 第 340 行.
NOTIC: [8] Undefined index: act_name E:\wamp\www\sxb\shipin_manager\Lib\Action\CommonAction.class.php 第 340 行.
NOTIC: [8] Undefined index: act_name E:\wamp\www\sxb\shipin_manager\Lib\Action\CommonAction.class.php 第 340 行.
SQL: SHOW COLUMNS FROM `ttgy_user` [ RunTime:0.004000s ]
SQL: SELECT `username` FROM `ttgy_user` WHERE ( `mobile` = '13563789968' ) LIMIT 1   [ RunTime:0.001000s ]

[ 2016-03-01T10:04:41+08:00 ] 127.0.0.1 /index.php?s=/jd_order/saveAddress
INFO: [ app_begin ] --START--
INFO: ReadHtmlCache Behavior ::run [ RunTime:0.002000s ]
INFO: [ app_begin ] --END-- [ RunTime:0.003000s ]
NOTIC: [2] Illegal string offset 'act_name' E:\wamp\www\sxb\shipin_manager\Lib\Action\CommonAction.class.php 第 340 行.
NOTIC: [8] Undefined index: act_name E:\wamp\www\sxb\shipin_manager\Lib\Action\CommonAction.class.php 第 340 行.
NOTIC: [8] Undefined index: act_name E:\wamp\www\sxb\shipin_manager\Lib\Action\CommonAction.class.php 第 340 行.
NOTIC: [2] Illegal string offset 'act_name' E:\wamp\www\sxb\shipin_manager\Lib\Action\CommonAction.class.php 第 340 行.
NOTIC: [8] Undefined index: act_name E:\wamp\www\sxb\shipin_manager\Lib\Action\CommonAction.class.php 第 340 行.
NOTIC: [8] Undefined index: act_name E:\wamp\www\sxb\shipin_manager\Lib\Action\CommonAction.class.php 第 340 行.
NOTIC: [2] Illegal string offset 'act_name' E:\wamp\www\sxb\shipin_manager\Lib\Action\CommonAction.class.php 第 340 行.
NOTIC: [8] Undefined index: act_name E:\wamp\www\sxb\shipin_manager\Lib\Action\CommonAction.class.php 第 340 行.
NOTIC: [8] Undefined index: act_name E:\wamp\www\sxb\shipin_manager\Lib\Action\CommonAction.class.php 第 340 行.
NOTIC: [2] Illegal string offset 'act_name' E:\wamp\www\sxb\shipin_manager\Lib\Action\CommonAction.class.php 第 340 行.
NOTIC: [8] Undefined index: act_name E:\wamp\www\sxb\shipin_manager\Lib\Action\CommonAction.class.php 第 340 行.
NOTIC: [8] Undefined index: act_name E:\wamp\www\sxb\shipin_manager\Lib\Action\CommonAction.class.php 第 340 行.
NOTIC: [2] Illegal string offset 'act_name' E:\wamp\www\sxb\shipin_manager\Lib\Action\CommonAction.class.php 第 340 行.
NOTIC: [8] Undefined index: act_name E:\wamp\www\sxb\shipin_manager\Lib\Action\CommonAction.class.php 第 340 行.
NOTIC: [8] Undefined index: act_name E:\wamp\www\sxb\shipin_manager\Lib\Action\CommonAction.class.php 第 340 行.
NOTIC: [2] Illegal string offset 'act_name' E:\wamp\www\sxb\shipin_manager\Lib\Action\CommonAction.class.php 第 340 行.
NOTIC: [8] Undefined index: act_name E:\wamp\www\sxb\shipin_manager\Lib\Action\CommonAction.class.php 第 340 行.
NOTIC: [8] Undefined index: act_name E:\wamp\www\sxb\shipin_manager\Lib\Action\CommonAction.class.php 第 340 行.
NOTIC: [2] Illegal string offset 'act_name' E:\wamp\www\sxb\shipin_manager\Lib\Action\CommonAction.class.php 第 340 行.
NOTIC: [8] Undefined index: act_name E:\wamp\www\sxb\shipin_manager\Lib\Action\CommonAction.class.php 第 340 行.
NOTIC: [8] Undefined index: act_name E:\wamp\www\sxb\shipin_manager\Lib\Action\CommonAction.class.php 第 340 行.
NOTIC: [2] Illegal string offset 'act_name' E:\wamp\www\sxb\shipin_manager\Lib\Action\CommonAction.class.php 第 340 行.
NOTIC: [8] Undefined index: act_name E:\wamp\www\sxb\shipin_manager\Lib\Action\CommonAction.class.php 第 340 行.
NOTIC: [8] Undefined index: act_name E:\wamp\www\sxb\shipin_manager\Lib\Action\CommonAction.class.php 第 340 行.
NOTIC: [2] Illegal string offset 'act_name' E:\wamp\www\sxb\shipin_manager\Lib\Action\CommonAction.class.php 第 340 行.
NOTIC: [8] Undefined index: act_name E:\wamp\www\sxb\shipin_manager\Lib\Action\CommonAction.class.php 第 340 行.
NOTIC: [8] Undefined index: act_name E:\wamp\www\sxb\shipin_manager\Lib\Action\CommonAction.class.php 第 340 行.
NOTIC: [2] Illegal string offset 'act_name' E:\wamp\www\sxb\shipin_manager\Lib\Action\CommonAction.class.php 第 340 行.
NOTIC: [8] Undefined index: act_name E:\wamp\www\sxb\shipin_manager\Lib\Action\CommonAction.class.php 第 340 行.
NOTIC: [8] Undefined index: act_name E:\wamp\www\sxb\shipin_manager\Lib\Action\CommonAction.class.php 第 340 行.
NOTIC: [2] Illegal string offset 'act_name' E:\wamp\www\sxb\shipin_manager\Lib\Action\CommonAction.class.php 第 340 行.
NOTIC: [8] Undefined index: act_name E:\wamp\www\sxb\shipin_manager\Lib\Action\CommonAction.class.php 第 340 行.
NOTIC: [8] Undefined index: act_name E:\wamp\www\sxb\shipin_manager\Lib\Action\CommonAction.class.php 第 340 行.
NOTIC: [2] Illegal string offset 'act_name' E:\wamp\www\sxb\shipin_manager\Lib\Action\CommonAction.class.php 第 340 行.
NOTIC: [8] Undefined index: act_name E:\wamp\www\sxb\shipin_manager\Lib\Action\CommonAction.class.php 第 340 行.
NOTIC: [8] Undefined index: act_name E:\wamp\www\sxb\shipin_manager\Lib\Action\CommonAction.class.php 第 340 行.
NOTIC: [2] Illegal string offset 'act_name' E:\wamp\www\sxb\shipin_manager\Lib\Action\CommonAction.class.php 第 340 行.
NOTIC: [8] Undefined index: act_name E:\wamp\www\sxb\shipin_manager\Lib\Action\CommonAction.class.php 第 340 行.
NOTIC: [8] Undefined index: act_name E:\wamp\www\sxb\shipin_manager\Lib\Action\CommonAction.class.php 第 340 行.
NOTIC: [2] Illegal string offset 'act_name' E:\wamp\www\sxb\shipin_manager\Lib\Action\CommonAction.class.php 第 340 行.
NOTIC: [8] Undefined index: act_name E:\wamp\www\sxb\shipin_manager\Lib\Action\CommonAction.class.php 第 340 行.
NOTIC: [8] Undefined index: act_name E:\wamp\www\sxb\shipin_manager\Lib\Action\CommonAction.class.php 第 340 行.
NOTIC: [2] Illegal string offset 'act_name' E:\wamp\www\sxb\shipin_manager\Lib\Action\CommonAction.class.php 第 340 行.
NOTIC: [8] Undefined index: act_name E:\wamp\www\sxb\shipin_manager\Lib\Action\CommonAction.class.php 第 340 行.
NOTIC: [8] Undefined index: act_name E:\wamp\www\sxb\shipin_manager\Lib\Action\CommonAction.class.php 第 340 行.
NOTIC: [2] Illegal string offset 'act_name' E:\wamp\www\sxb\shipin_manager\Lib\Action\CommonAction.class.php 第 340 行.
NOTIC: [8] Undefined index: act_name E:\wamp\www\sxb\shipin_manager\Lib\Action\CommonAction.class.php 第 340 行.
NOTIC: [2] Illegal string offset 'act_name' E:\wamp\www\sxb\shipin_manager\Lib\Action\CommonAction.class.php 第 340 行.
NOTIC: [8] Undefined index: act_name E:\wamp\www\sxb\shipin_manager\Lib\Action\CommonAction.class.php 第 340 行.
NOTIC: [8] Undefined index: act_name E:\wamp\www\sxb\shipin_manager\Lib\Action\CommonAction.class.php 第 340 行.
NOTIC: [2] Illegal string offset 'act_name' E:\wamp\www\sxb\shipin_manager\Lib\Action\CommonAction.class.php 第 340 行.
NOTIC: [8] Undefined index: act_name E:\wamp\www\sxb\shipin_manager\Lib\Action\CommonAction.class.php 第 340 行.
NOTIC: [8] Undefined index: act_name E:\wamp\www\sxb\shipin_manager\Lib\Action\CommonAction.class.php 第 340 行.
NOTIC: [2] Illegal string offset 'act_name' E:\wamp\www\sxb\shipin_manager\Lib\Action\CommonAction.class.php 第 340 行.
NOTIC: [8] Undefined index: act_name E:\wamp\www\sxb\shipin_manager\Lib\Action\CommonAction.class.php 第 340 行.
NOTIC: [8] Undefined index: act_name E:\wamp\www\sxb\shipin_manager\Lib\Action\CommonAction.class.php 第 340 行.
NOTIC: [2] Illegal string offset 'act_name' E:\wamp\www\sxb\shipin_manager\Lib\Action\CommonAction.class.php 第 340 行.
NOTIC: [8] Undefined index: act_name E:\wamp\www\sxb\shipin_manager\Lib\Action\CommonAction.class.php 第 340 行.
NOTIC: [8] Undefined index: act_name E:\wamp\www\sxb\shipin_manager\Lib\Action\CommonAction.class.php 第 340 行.
NOTIC: [2] Illegal string offset 'act_name' E:\wamp\www\sxb\shipin_manager\Lib\Action\CommonAction.class.php 第 340 行.
NOTIC: [8] Undefined index: act_name E:\wamp\www\sxb\shipin_manager\Lib\Action\CommonAction.class.php 第 340 行.
NOTIC: [8] Undefined index: act_name E:\wamp\www\sxb\shipin_manager\Lib\Action\CommonAction.class.php 第 340 行.
NOTIC: [2] Illegal string offset 'act_name' E:\wamp\www\sxb\shipin_manager\Lib\Action\CommonAction.class.php 第 340 行.
NOTIC: [8] Undefined index: act_name E:\wamp\www\sxb\shipin_manager\Lib\Action\CommonAction.class.php 第 340 行.
NOTIC: [8] Undefined index: act_name E:\wamp\www\sxb\shipin_manager\Lib\Action\CommonAction.class.php 第 340 行.
NOTIC: [2] Illegal string offset 'act_name' E:\wamp\www\sxb\shipin_manager\Lib\Action\CommonAction.class.php 第 340 行.
NOTIC: [8] Undefined index: act_name E:\wamp\www\sxb\shipin_manager\Lib\Action\CommonAction.class.php 第 340 行.
NOTIC: [8] Undefined index: act_name E:\wamp\www\sxb\shipin_manager\Lib\Action\CommonAction.class.php 第 340 行.
SQL: SHOW COLUMNS FROM `ttgy_tmp_jd_order` [ RunTime:0.003000s ]
SQL: SHOW COLUMNS FROM `ttgy_groupbuying_order` [ RunTime:0.003000s ]
SQL: SHOW COLUMNS FROM `ttgy_order` [ RunTime:0.003000s ]
SQL: SHOW COLUMNS FROM `ttgy_order_address` [ RunTime:0.003000s ]
SQL: UPDATE `ttgy_tmp_jd_order` SET `rec_name`='赵燕红',`rec_mobile`='13563789968',`rec_tel`='13563789968',`rec_address`='山东省济宁市任城区济宁中级人民法院新宿舍',`jd_can_shipping`=1,`check_can_jd_result`='',`status`=1,`print_num`=0,`is_export_to_warehome`=1,`shipping_status`='' WHERE ( `order_name` = 'bf1601141943012371' ) [ RunTime:0.076004s ]
SQL: UPDATE `ttgy_groupbuying_order` SET `recv_name`='赵燕红',`recv_phone`='13563789968',`recv_address`='山东省济宁市任城区济宁中级人民法院新宿舍' WHERE ( `order_name` = 'bf1601141943012371' ) [ RunTime:0.140008s ]
SQL: SELECT `id` FROM `ttgy_order` WHERE ( `order_name` = 'bf1601141943012371' ) LIMIT 1   [ RunTime:0.001000s ]
SQL: UPDATE `ttgy_order_address` SET `position`='山东省济宁市任城区济宁中级人民法院新宿舍',`address`='山东省济宁市任城区济宁中级人民法院新宿舍',`name`='赵燕红',`telephone`='13563789968',`mobile`='13563789968' WHERE ( `order_id` = null ) [ RunTime:0.000000s ]
SQL: UPDATE `ttgy_order` SET `check_can_jd`=1,`check_can_jd_result`='',`jd_can_shipping`=1 WHERE ( `order_name` = 'bf1601141943012371' ) [ RunTime:0.000000s ]

