[ 2016-02-17T09:15:20+08:00 ] 127.0.0.1 /index.php?s=/jd_order/searchUser
INFO: [ app_begin ] --START--
INFO: ReadHtmlCache Behavior ::run [ RunTime:0.001000s ]
INFO: [ app_begin ] --END-- [ RunTime:0.002000s ]
NOTIC: [2] Illegal string offset 'act_name' E:\wamp\www\sxb\shipin_manager\Lib\Action\CommonAction.class.php 第 340 行.
NOTIC: [8] Undefined index: act_name E:\wamp\www\sxb\shipin_manager\Lib\Action\CommonAction.class.php 第 340 行.
NOTIC: [8] Undefined index: act_name E:\wamp\www\sxb\shipin_manager\Lib\Action\CommonAction.class.php 第 340 行.
NOTIC: [2] Illegal string offset 'act_name' E:\wamp\www\sxb\shipin_manager\Lib\Action\CommonAction.class.php 第 340 行.
NOTIC: [8] Undefined index: act_name E:\wamp\www\sxb\shipin_manager\Lib\Action\CommonAction.class.php 第 340 行.
NOTIC: [8] Undefined index: act_name E:\wamp\www\sxb\shipin_manager\Lib\Action\CommonAction.class.php 第 340 行.
NOTIC: [2] Illegal string offset 'act_name' E:\wamp\www\sxb\shipin_manager\Lib\Action\CommonAction.class.php 第 340 行.
NOTIC: [8] Undefined index: act_name E:\wamp\www\sxb\shipin_manager\Lib\Action\CommonAction.class.php 第 340 行.
NOTIC: [8] Undefined index: act_name E:\wamp\www\sxb\shipin_manager\Lib\Action\CommonAction.class.php 第 340 行.
NOTIC: [2] Illegal string offset 'act_name' E:\wamp\www\sxb\shipin_manager\Lib\Action\CommonAction.class.php 第 340 行.
NOTIC: [8] Undefined index: act_name E:\wamp\www\sxb\shipin_manager\Lib\Action\CommonAction.class.php 第 340 行.
NOTIC: [8] Undefined index: act_name E:\wamp\www\sxb\shipin_manager\Lib\Action\CommonAction.class.php 第 340 行.
NOTIC: [2] Illegal string offset 'act_name' E:\wamp\www\sxb\shipin_manager\Lib\Action\CommonAction.class.php 第 340 行.
NOTIC: [8] Undefined index: act_name E:\wamp\www\sxb\shipin_manager\Lib\Action\CommonAction.class.php 第 340 行.
NOTIC: [8] Undefined index: act_name E:\wamp\www\sxb\shipin_manager\Lib\Action\CommonAction.class.php 第 340 行.
NOTIC: [2] Illegal string offset 'act_name' E:\wamp\www\sxb\shipin_manager\Lib\Action\CommonAction.class.php 第 340 行.
NOTIC: [8] Undefined index: act_name E:\wamp\www\sxb\shipin_manager\Lib\Action\CommonAction.class.php 第 340 行.
NOTIC: [8] Undefined index: act_name E:\wamp\www\sxb\shipin_manager\Lib\Action\CommonAction.class.php 第 340 行.
NOTIC: [2] Illegal string offset 'act_name' E:\wamp\www\sxb\shipin_manager\Lib\Action\CommonAction.class.php 第 340 行.
NOTIC: [8] Undefined index: act_name E:\wamp\www\sxb\shipin_manager\Lib\Action\CommonAction.class.php 第 340 行.
NOTIC: [8] Undefined index: act_name E:\wamp\www\sxb\shipin_manager\Lib\Action\CommonAction.class.php 第 340 行.
NOTIC: [2] Illegal string offset 'act_name' E:\wamp\www\sxb\shipin_manager\Lib\Action\CommonAction.class.php 第 340 行.
NOTIC: [8] Undefined index: act_name E:\wamp\www\sxb\shipin_manager\Lib\Action\CommonAction.class.php 第 340 行.
NOTIC: [8] Undefined index: act_name E:\wamp\www\sxb\shipin_manager\Lib\Action\CommonAction.class.php 第 340 行.
NOTIC: [2] Illegal string offset 'act_name' E:\wamp\www\sxb\shipin_manager\Lib\Action\CommonAction.class.php 第 340 行.
NOTIC: [8] Undefined index: act_name E:\wamp\www\sxb\shipin_manager\Lib\Action\CommonAction.class.php 第 340 行.
NOTIC: [8] Undefined index: act_name E:\wamp\www\sxb\shipin_manager\Lib\Action\CommonAction.class.php 第 340 行.
NOTIC: [2] Illegal string offset 'act_name' E:\wamp\www\sxb\shipin_manager\Lib\Action\CommonAction.class.php 第 340 行.
NOTIC: [8] Undefined index: act_name E:\wamp\www\sxb\shipin_manager\Lib\Action\CommonAction.class.php 第 340 行.
NOTIC: [8] Undefined index: act_name E:\wamp\www\sxb\shipin_manager\Lib\Action\CommonAction.class.php 第 340 行.
NOTIC: [2] Illegal string offset 'act_name' E:\wamp\www\sxb\shipin_manager\Lib\Action\CommonAction.class.php 第 340 行.
NOTIC: [8] Undefined index: act_name E:\wamp\www\sxb\shipin_manager\Lib\Action\CommonAction.class.php 第 340 行.
NOTIC: [8] Undefined index: act_name E:\wamp\www\sxb\shipin_manager\Lib\Action\CommonAction.class.php 第 340 行.
NOTIC: [2] Illegal string offset 'act_name' E:\wamp\www\sxb\shipin_manager\Lib\Action\CommonAction.class.php 第 340 行.
NOTIC: [8] Undefined index: act_name E:\wamp\www\sxb\shipin_manager\Lib\Action\CommonAction.class.php 第 340 行.
NOTIC: [8] Undefined index: act_name E:\wamp\www\sxb\shipin_manager\Lib\Action\CommonAction.class.php 第 340 行.
NOTIC: [2] Illegal string offset 'act_name' E:\wamp\www\sxb\shipin_manager\Lib\Action\CommonAction.class.php 第 340 行.
NOTIC: [8] Undefined index: act_name E:\wamp\www\sxb\shipin_manager\Lib\Action\CommonAction.class.php 第 340 行.
NOTIC: [8] Undefined index: act_name E:\wamp\www\sxb\shipin_manager\Lib\Action\CommonAction.class.php 第 340 行.
NOTIC: [2] Illegal string offset 'act_name' E:\wamp\www\sxb\shipin_manager\Lib\Action\CommonAction.class.php 第 340 行.
NOTIC: [8] Undefined index: act_name E:\wamp\www\sxb\shipin_manager\Lib\Action\CommonAction.class.php 第 340 行.
NOTIC: [8] Undefined index: act_name E:\wamp\www\sxb\shipin_manager\Lib\Action\CommonAction.class.php 第 340 行.
NOTIC: [2] Illegal string offset 'act_name' E:\wamp\www\sxb\shipin_manager\Lib\Action\CommonAction.class.php 第 340 行.
NOTIC: [8] Undefined index: act_name E:\wamp\www\sxb\shipin_manager\Lib\Action\CommonAction.class.php 第 340 行.
NOTIC: [8] Undefined index: act_name E:\wamp\www\sxb\shipin_manager\Lib\Action\CommonAction.class.php 第 340 行.
NOTIC: [2] Illegal string offset 'act_name' E:\wamp\www\sxb\shipin_manager\Lib\Action\CommonAction.class.php 第 340 行.
NOTIC: [8] Undefined index: act_name E:\wamp\www\sxb\shipin_manager\Lib\Action\CommonAction.class.php 第 340 行.
NOTIC: [2] Illegal string offset 'act_name' E:\wamp\www\sxb\shipin_manager\Lib\Action\CommonAction.class.php 第 340 行.
NOTIC: [8] Undefined index: act_name E:\wamp\www\sxb\shipin_manager\Lib\Action\CommonAction.class.php 第 340 行.
NOTIC: [8] Undefined index: act_name E:\wamp\www\sxb\shipin_manager\Lib\Action\CommonAction.class.php 第 340 行.
NOTIC: [2] Illegal string offset 'act_name' E:\wamp\www\sxb\shipin_manager\Lib\Action\CommonAction.class.php 第 340 行.
NOTIC: [8] Undefined index: act_name E:\wamp\www\sxb\shipin_manager\Lib\Action\CommonAction.class.php 第 340 行.
NOTIC: [8] Undefined index: act_name E:\wamp\www\sxb\shipin_manager\Lib\Action\CommonAction.class.php 第 340 行.
NOTIC: [2] Illegal string offset 'act_name' E:\wamp\www\sxb\shipin_manager\Lib\Action\CommonAction.class.php 第 340 行.
NOTIC: [8] Undefined index: act_name E:\wamp\www\sxb\shipin_manager\Lib\Action\CommonAction.class.php 第 340 行.
NOTIC: [8] Undefined index: act_name E:\wamp\www\sxb\shipin_manager\Lib\Action\CommonAction.class.php 第 340 行.
NOTIC: [2] Illegal string offset 'act_name' E:\wamp\www\sxb\shipin_manager\Lib\Action\CommonAction.class.php 第 340 行.
NOTIC: [8] Undefined index: act_name E:\wamp\www\sxb\shipin_manager\Lib\Action\CommonAction.class.php 第 340 行.
NOTIC: [8] Undefined index: act_name E:\wamp\www\sxb\shipin_manager\Lib\Action\CommonAction.class.php 第 340 行.
NOTIC: [2] Illegal string offset 'act_name' E:\wamp\www\sxb\shipin_manager\Lib\Action\CommonAction.class.php 第 340 行.
NOTIC: [8] Undefined index: act_name E:\wamp\www\sxb\shipin_manager\Lib\Action\CommonAction.class.php 第 340 行.
NOTIC: [8] Undefined index: act_name E:\wamp\www\sxb\shipin_manager\Lib\Action\CommonAction.class.php 第 340 行.
NOTIC: [2] Illegal string offset 'act_name' E:\wamp\www\sxb\shipin_manager\Lib\Action\CommonAction.class.php 第 340 行.
NOTIC: [8] Undefined index: act_name E:\wamp\www\sxb\shipin_manager\Lib\Action\CommonAction.class.php 第 340 行.
NOTIC: [8] Undefined index: act_name E:\wamp\www\sxb\shipin_manager\Lib\Action\CommonAction.class.php 第 340 行.
NOTIC: [2] Illegal string offset 'act_name' E:\wamp\www\sxb\shipin_manager\Lib\Action\CommonAction.class.php 第 340 行.
NOTIC: [8] Undefined index: act_name E:\wamp\www\sxb\shipin_manager\Lib\Action\CommonAction.class.php 第 340 行.
NOTIC: [8] Undefined index: act_name E:\wamp\www\sxb\shipin_manager\Lib\Action\CommonAction.class.php 第 340 行.
SQL: SHOW COLUMNS FROM `ttgy_user` [ RunTime:0.140008s ]
SQL: SELECT `username` FROM `ttgy_user` WHERE ( `mobile` = '13563789968' ) LIMIT 1   [ RunTime:0.002000s ]

[ 2016-02-17T09:15:25+08:00 ] 127.0.0.1 /index.php?s=/jd_order/searchUser
INFO: [ app_begin ] --START--
INFO: ReadHtmlCache Behavior ::run [ RunTime:0.001000s ]
INFO: [ app_begin ] --END-- [ RunTime:0.002000s ]
NOTIC: [2] Illegal string offset 'act_name' E:\wamp\www\sxb\shipin_manager\Lib\Action\CommonAction.class.php 第 340 行.
NOTIC: [8] Undefined index: act_name E:\wamp\www\sxb\shipin_manager\Lib\Action\CommonAction.class.php 第 340 行.
NOTIC: [8] Undefined index: act_name E:\wamp\www\sxb\shipin_manager\Lib\Action\CommonAction.class.php 第 340 行.
NOTIC: [2] Illegal string offset 'act_name' E:\wamp\www\sxb\shipin_manager\Lib\Action\CommonAction.class.php 第 340 行.
NOTIC: [8] Undefined index: act_name E:\wamp\www\sxb\shipin_manager\Lib\Action\CommonAction.class.php 第 340 行.
NOTIC: [8] Undefined index: act_name E:\wamp\www\sxb\shipin_manager\Lib\Action\CommonAction.class.php 第 340 行.
NOTIC: [2] Illegal string offset 'act_name' E:\wamp\www\sxb\shipin_manager\Lib\Action\CommonAction.class.php 第 340 行.
NOTIC: [8] Undefined index: act_name E:\wamp\www\sxb\shipin_manager\Lib\Action\CommonAction.class.php 第 340 行.
NOTIC: [8] Undefined index: act_name E:\wamp\www\sxb\shipin_manager\Lib\Action\CommonAction.class.php 第 340 行.
NOTIC: [2] Illegal string offset 'act_name' E:\wamp\www\sxb\shipin_manager\Lib\Action\CommonAction.class.php 第 340 行.
NOTIC: [8] Undefined index: act_name E:\wamp\www\sxb\shipin_manager\Lib\Action\CommonAction.class.php 第 340 行.
NOTIC: [8] Undefined index: act_name E:\wamp\www\sxb\shipin_manager\Lib\Action\CommonAction.class.php 第 340 行.
NOTIC: [2] Illegal string offset 'act_name' E:\wamp\www\sxb\shipin_manager\Lib\Action\CommonAction.class.php 第 340 行.
NOTIC: [8] Undefined index: act_name E:\wamp\www\sxb\shipin_manager\Lib\Action\CommonAction.class.php 第 340 行.
NOTIC: [8] Undefined index: act_name E:\wamp\www\sxb\shipin_manager\Lib\Action\CommonAction.class.php 第 340 行.
NOTIC: [2] Illegal string offset 'act_name' E:\wamp\www\sxb\shipin_manager\Lib\Action\CommonAction.class.php 第 340 行.
NOTIC: [8] Undefined index: act_name E:\wamp\www\sxb\shipin_manager\Lib\Action\CommonAction.class.php 第 340 行.
NOTIC: [8] Undefined index: act_name E:\wamp\www\sxb\shipin_manager\Lib\Action\CommonAction.class.php 第 340 行.
NOTIC: [2] Illegal string offset 'act_name' E:\wamp\www\sxb\shipin_manager\Lib\Action\CommonAction.class.php 第 340 行.
NOTIC: [8] Undefined index: act_name E:\wamp\www\sxb\shipin_manager\Lib\Action\CommonAction.class.php 第 340 行.
NOTIC: [8] Undefined index: act_name E:\wamp\www\sxb\shipin_manager\Lib\Action\CommonAction.class.php 第 340 行.
NOTIC: [2] Illegal string offset 'act_name' E:\wamp\www\sxb\shipin_manager\Lib\Action\CommonAction.class.php 第 340 行.
NOTIC: [8] Undefined index: act_name E:\wamp\www\sxb\shipin_manager\Lib\Action\CommonAction.class.php 第 340 行.
NOTIC: [8] Undefined index: act_name E:\wamp\www\sxb\shipin_manager\Lib\Action\CommonAction.class.php 第 340 行.
NOTIC: [2] Illegal string offset 'act_name' E:\wamp\www\sxb\shipin_manager\Lib\Action\CommonAction.class.php 第 340 行.
NOTIC: [8] Undefined index: act_name E:\wamp\www\sxb\shipin_manager\Lib\Action\CommonAction.class.php 第 340 行.
NOTIC: [8] Undefined index: act_name E:\wamp\www\sxb\shipin_manager\Lib\Action\CommonAction.class.php 第 340 行.
NOTIC: [2] Illegal string offset 'act_name' E:\wamp\www\sxb\shipin_manager\Lib\Action\CommonAction.class.php 第 340 行.
NOTIC: [8] Undefined index: act_name E:\wamp\www\sxb\shipin_manager\Lib\Action\CommonAction.class.php 第 340 行.
NOTIC: [8] Undefined index: act_name E:\wamp\www\sxb\shipin_manager\Lib\Action\CommonAction.class.php 第 340 行.
NOTIC: [2] Illegal string offset 'act_name' E:\wamp\www\sxb\shipin_manager\Lib\Action\CommonAction.class.php 第 340 行.
NOTIC: [8] Undefined index: act_name E:\wamp\www\sxb\shipin_manager\Lib\Action\CommonAction.class.php 第 340 行.
NOTIC: [8] Undefined index: act_name E:\wamp\www\sxb\shipin_manager\Lib\Action\CommonAction.class.php 第 340 行.
NOTIC: [2] Illegal string offset 'act_name' E:\wamp\www\sxb\shipin_manager\Lib\Action\CommonAction.class.php 第 340 行.
NOTIC: [8] Undefined index: act_name E:\wamp\www\sxb\shipin_manager\Lib\Action\CommonAction.class.php 第 340 行.
NOTIC: [8] Undefined index: act_name E:\wamp\www\sxb\shipin_manager\Lib\Action\CommonAction.class.php 第 340 行.
NOTIC: [2] Illegal string offset 'act_name' E:\wamp\www\sxb\shipin_manager\Lib\Action\CommonAction.class.php 第 340 行.
NOTIC: [8] Undefined index: act_name E:\wamp\www\sxb\shipin_manager\Lib\Action\CommonAction.class.php 第 340 行.
NOTIC: [8] Undefined index: act_name E:\wamp\www\sxb\shipin_manager\Lib\Action\CommonAction.class.php 第 340 行.
NOTIC: [2] Illegal string offset 'act_name' E:\wamp\www\sxb\shipin_manager\Lib\Action\CommonAction.class.php 第 340 行.
NOTIC: [8] Undefined index: act_name E:\wamp\www\sxb\shipin_manager\Lib\Action\CommonAction.class.php 第 340 行.
NOTIC: [8] Undefined index: act_name E:\wamp\www\sxb\shipin_manager\Lib\Action\CommonAction.class.php 第 340 行.
NOTIC: [2] Illegal string offset 'act_name' E:\wamp\www\sxb\shipin_manager\Lib\Action\CommonAction.class.php 第 340 行.
NOTIC: [8] Undefined index: act_name E:\wamp\www\sxb\shipin_manager\Lib\Action\CommonAction.class.php 第 340 行.
NOTIC: [8] Undefined index: act_name E:\wamp\www\sxb\shipin_manager\Lib\Action\CommonAction.class.php 第 340 行.
NOTIC: [2] Illegal string offset 'act_name' E:\wamp\www\sxb\shipin_manager\Lib\Action\CommonAction.class.php 第 340 行.
NOTIC: [8] Undefined index: act_name E:\wamp\www\sxb\shipin_manager\Lib\Action\CommonAction.class.php 第 340 行.
NOTIC: [2] Illegal string offset 'act_name' E:\wamp\www\sxb\shipin_manager\Lib\Action\CommonAction.class.php 第 340 行.
NOTIC: [8] Undefined index: act_name E:\wamp\www\sxb\shipin_manager\Lib\Action\CommonAction.class.php 第 340 行.
NOTIC: [8] Undefined index: act_name E:\wamp\www\sxb\shipin_manager\Lib\Action\CommonAction.class.php 第 340 行.
NOTIC: [2] Illegal string offset 'act_name' E:\wamp\www\sxb\shipin_manager\Lib\Action\CommonAction.class.php 第 340 行.
NOTIC: [8] Undefined index: act_name E:\wamp\www\sxb\shipin_manager\Lib\Action\CommonAction.class.php 第 340 行.
NOTIC: [8] Undefined index: act_name E:\wamp\www\sxb\shipin_manager\Lib\Action\CommonAction.class.php 第 340 行.
NOTIC: [2] Illegal string offset 'act_name' E:\wamp\www\sxb\shipin_manager\Lib\Action\CommonAction.class.php 第 340 行.
NOTIC: [8] Undefined index: act_name E:\wamp\www\sxb\shipin_manager\Lib\Action\CommonAction.class.php 第 340 行.
NOTIC: [8] Undefined index: act_name E:\wamp\www\sxb\shipin_manager\Lib\Action\CommonAction.class.php 第 340 行.
NOTIC: [2] Illegal string offset 'act_name' E:\wamp\www\sxb\shipin_manager\Lib\Action\CommonAction.class.php 第 340 行.
NOTIC: [8] Undefined index: act_name E:\wamp\www\sxb\shipin_manager\Lib\Action\CommonAction.class.php 第 340 行.
NOTIC: [8] Undefined index: act_name E:\wamp\www\sxb\shipin_manager\Lib\Action\CommonAction.class.php 第 340 行.
NOTIC: [2] Illegal string offset 'act_name' E:\wamp\www\sxb\shipin_manager\Lib\Action\CommonAction.class.php 第 340 行.
NOTIC: [8] Undefined index: act_name E:\wamp\www\sxb\shipin_manager\Lib\Action\CommonAction.class.php 第 340 行.
NOTIC: [8] Undefined index: act_name E:\wamp\www\sxb\shipin_manager\Lib\Action\CommonAction.class.php 第 340 行.
NOTIC: [2] Illegal string offset 'act_name' E:\wamp\www\sxb\shipin_manager\Lib\Action\CommonAction.class.php 第 340 行.
NOTIC: [8] Undefined index: act_name E:\wamp\www\sxb\shipin_manager\Lib\Action\CommonAction.class.php 第 340 行.
NOTIC: [8] Undefined index: act_name E:\wamp\www\sxb\shipin_manager\Lib\Action\CommonAction.class.php 第 340 行.
NOTIC: [2] Illegal string offset 'act_name' E:\wamp\www\sxb\shipin_manager\Lib\Action\CommonAction.class.php 第 340 行.
NOTIC: [8] Undefined index: act_name E:\wamp\www\sxb\shipin_manager\Lib\Action\CommonAction.class.php 第 340 行.
NOTIC: [8] Undefined index: act_name E:\wamp\www\sxb\shipin_manager\Lib\Action\CommonAction.class.php 第 340 行.
SQL: SHOW COLUMNS FROM `ttgy_user` [ RunTime:0.003000s ]
SQL: SELECT `username` FROM `ttgy_user` WHERE ( `mobile` = '15822258582' ) LIMIT 1   [ RunTime:0.000000s ]

