[ 2016-02-19T10:02:32+08:00 ] 127.0.0.1 /Public/admin/v3/js/jquery.nanoscroller.min.map
ERR: 非法操作:admin

[ 2016-02-19T14:39:50+08:00 ] 127.0.0.1 /Public/admin/v3/js/jquery.nanoscroller.min.map
ERR: 非法操作:admin

[ 2016-02-19T16:18:37+08:00 ] 127.0.0.1 /Area/selectJson
INFO: [ app_begin ] --START--
INFO: ReadHtmlCache Behavior ::run [ RunTime:0.002000s ]
INFO: [ app_begin ] --END-- [ RunTime:0.004000s ]
NOTIC: [2] Illegal string offset 'act_name' E:\wamp\www\sxb\shipin_manager\Lib\Action\CommonAction.class.php 第 340 行.
NOTIC: [8] Undefined index: act_name E:\wamp\www\sxb\shipin_manager\Lib\Action\CommonAction.class.php 第 340 行.
NOTIC: [8] Undefined index: act_name E:\wamp\www\sxb\shipin_manager\Lib\Action\CommonAction.class.php 第 340 行.
NOTIC: [2] Illegal string offset 'act_name' E:\wamp\www\sxb\shipin_manager\Lib\Action\CommonAction.class.php 第 340 行.
NOTIC: [8] Undefined index: act_name E:\wamp\www\sxb\shipin_manager\Lib\Action\CommonAction.class.php 第 340 行.
NOTIC: [8] Undefined index: act_name E:\wamp\www\sxb\shipin_manager\Lib\Action\CommonAction.class.php 第 340 行.
NOTIC: [2] Illegal string offset 'act_name' E:\wamp\www\sxb\shipin_manager\Lib\Action\CommonAction.class.php 第 340 行.
NOTIC: [8] Undefined index: act_name E:\wamp\www\sxb\shipin_manager\Lib\Action\CommonAction.class.php 第 340 行.
NOTIC: [8] Undefined index: act_name E:\wamp\www\sxb\shipin_manager\Lib\Action\CommonAction.class.php 第 340 行.
NOTIC: [2] Illegal string offset 'act_name' E:\wamp\www\sxb\shipin_manager\Lib\Action\CommonAction.class.php 第 340 行.
NOTIC: [8] Undefined index: act_name E:\wamp\www\sxb\shipin_manager\Lib\Action\CommonAction.class.php 第 340 行.
NOTIC: [8] Undefined index: act_name E:\wamp\www\sxb\shipin_manager\Lib\Action\CommonAction.class.php 第 340 行.
NOTIC: [2] Illegal string offset 'act_name' E:\wamp\www\sxb\shipin_manager\Lib\Action\CommonAction.class.php 第 340 行.
NOTIC: [8] Undefined index: act_name E:\wamp\www\sxb\shipin_manager\Lib\Action\CommonAction.class.php 第 340 行.
NOTIC: [8] Undefined index: act_name E:\wamp\www\sxb\shipin_manager\Lib\Action\CommonAction.class.php 第 340 行.
NOTIC: [2] Illegal string offset 'act_name' E:\wamp\www\sxb\shipin_manager\Lib\Action\CommonAction.class.php 第 340 行.
NOTIC: [8] Undefined index: act_name E:\wamp\www\sxb\shipin_manager\Lib\Action\CommonAction.class.php 第 340 行.
NOTIC: [8] Undefined index: act_name E:\wamp\www\sxb\shipin_manager\Lib\Action\CommonAction.class.php 第 340 行.
NOTIC: [2] Illegal string offset 'act_name' E:\wamp\www\sxb\shipin_manager\Lib\Action\CommonAction.class.php 第 340 行.
NOTIC: [8] Undefined index: act_name E:\wamp\www\sxb\shipin_manager\Lib\Action\CommonAction.class.php 第 340 行.
NOTIC: [8] Undefined index: act_name E:\wamp\www\sxb\shipin_manager\Lib\Action\CommonAction.class.php 第 340 行.
NOTIC: [2] Illegal string offset 'act_name' E:\wamp\www\sxb\shipin_manager\Lib\Action\CommonAction.class.php 第 340 行.
NOTIC: [8] Undefined index: act_name E:\wamp\www\sxb\shipin_manager\Lib\Action\CommonAction.class.php 第 340 行.
NOTIC: [8] Undefined index: act_name E:\wamp\www\sxb\shipin_manager\Lib\Action\CommonAction.class.php 第 340 行.
NOTIC: [2] Illegal string offset 'act_name' E:\wamp\www\sxb\shipin_manager\Lib\Action\CommonAction.class.php 第 340 行.
NOTIC: [8] Undefined index: act_name E:\wamp\www\sxb\shipin_manager\Lib\Action\CommonAction.class.php 第 340 行.
NOTIC: [8] Undefined index: act_name E:\wamp\www\sxb\shipin_manager\Lib\Action\CommonAction.class.php 第 340 行.
NOTIC: [2] Illegal string offset 'act_name' E:\wamp\www\sxb\shipin_manager\Lib\Action\CommonAction.class.php 第 340 行.
NOTIC: [8] Undefined index: act_name E:\wamp\www\sxb\shipin_manager\Lib\Action\CommonAction.class.php 第 340 行.
NOTIC: [8] Undefined index: act_name E:\wamp\www\sxb\shipin_manager\Lib\Action\CommonAction.class.php 第 340 行.
NOTIC: [2] Illegal string offset 'act_name' E:\wamp\www\sxb\shipin_manager\Lib\Action\CommonAction.class.php 第 340 行.
NOTIC: [8] Undefined index: act_name E:\wamp\www\sxb\shipin_manager\Lib\Action\CommonAction.class.php 第 340 行.
NOTIC: [8] Undefined index: act_name E:\wamp\www\sxb\shipin_manager\Lib\Action\CommonAction.class.php 第 340 行.
NOTIC: [2] Illegal string offset 'act_name' E:\wamp\www\sxb\shipin_manager\Lib\Action\CommonAction.class.php 第 340 行.
NOTIC: [8] Undefined index: act_name E:\wamp\www\sxb\shipin_manager\Lib\Action\CommonAction.class.php 第 340 行.
NOTIC: [8] Undefined index: act_name E:\wamp\www\sxb\shipin_manager\Lib\Action\CommonAction.class.php 第 340 行.
NOTIC: [2] Illegal string offset 'act_name' E:\wamp\www\sxb\shipin_manager\Lib\Action\CommonAction.class.php 第 340 行.
NOTIC: [8] Undefined index: act_name E:\wamp\www\sxb\shipin_manager\Lib\Action\CommonAction.class.php 第 340 行.
NOTIC: [8] Undefined index: act_name E:\wamp\www\sxb\shipin_manager\Lib\Action\CommonAction.class.php 第 340 行.
NOTIC: [2] Illegal string offset 'act_name' E:\wamp\www\sxb\shipin_manager\Lib\Action\CommonAction.class.php 第 340 行.
NOTIC: [8] Undefined index: act_name E:\wamp\www\sxb\shipin_manager\Lib\Action\CommonAction.class.php 第 340 行.
NOTIC: [8] Undefined index: act_name E:\wamp\www\sxb\shipin_manager\Lib\Action\CommonAction.class.php 第 340 行.
NOTIC: [2] Illegal string offset 'act_name' E:\wamp\www\sxb\shipin_manager\Lib\Action\CommonAction.class.php 第 340 行.
NOTIC: [8] Undefined index: act_name E:\wamp\www\sxb\shipin_manager\Lib\Action\CommonAction.class.php 第 340 行.
NOTIC: [8] Undefined index: act_name E:\wamp\www\sxb\shipin_manager\Lib\Action\CommonAction.class.php 第 340 行.
NOTIC: [2] Illegal string offset 'act_name' E:\wamp\www\sxb\shipin_manager\Lib\Action\CommonAction.class.php 第 340 行.
NOTIC: [8] Undefined index: act_name E:\wamp\www\sxb\shipin_manager\Lib\Action\CommonAction.class.php 第 340 行.
NOTIC: [2] Illegal string offset 'act_name' E:\wamp\www\sxb\shipin_manager\Lib\Action\CommonAction.class.php 第 340 行.
NOTIC: [8] Undefined index: act_name E:\wamp\www\sxb\shipin_manager\Lib\Action\CommonAction.class.php 第 340 行.
NOTIC: [8] Undefined index: act_name E:\wamp\www\sxb\shipin_manager\Lib\Action\CommonAction.class.php 第 340 行.
NOTIC: [2] Illegal string offset 'act_name' E:\wamp\www\sxb\shipin_manager\Lib\Action\CommonAction.class.php 第 340 行.
NOTIC: [8] Undefined index: act_name E:\wamp\www\sxb\shipin_manager\Lib\Action\CommonAction.class.php 第 340 行.
NOTIC: [8] Undefined index: act_name E:\wamp\www\sxb\shipin_manager\Lib\Action\CommonAction.class.php 第 340 行.
NOTIC: [2] Illegal string offset 'act_name' E:\wamp\www\sxb\shipin_manager\Lib\Action\CommonAction.class.php 第 340 行.
NOTIC: [8] Undefined index: act_name E:\wamp\www\sxb\shipin_manager\Lib\Action\CommonAction.class.php 第 340 行.
NOTIC: [8] Undefined index: act_name E:\wamp\www\sxb\shipin_manager\Lib\Action\CommonAction.class.php 第 340 行.
NOTIC: [2] Illegal string offset 'act_name' E:\wamp\www\sxb\shipin_manager\Lib\Action\CommonAction.class.php 第 340 行.
NOTIC: [8] Undefined index: act_name E:\wamp\www\sxb\shipin_manager\Lib\Action\CommonAction.class.php 第 340 行.
NOTIC: [8] Undefined index: act_name E:\wamp\www\sxb\shipin_manager\Lib\Action\CommonAction.class.php 第 340 行.
NOTIC: [2] Illegal string offset 'act_name' E:\wamp\www\sxb\shipin_manager\Lib\Action\CommonAction.class.php 第 340 行.
NOTIC: [8] Undefined index: act_name E:\wamp\www\sxb\shipin_manager\Lib\Action\CommonAction.class.php 第 340 行.
NOTIC: [8] Undefined index: act_name E:\wamp\www\sxb\shipin_manager\Lib\Action\CommonAction.class.php 第 340 行.
NOTIC: [2] Illegal string offset 'act_name' E:\wamp\www\sxb\shipin_manager\Lib\Action\CommonAction.class.php 第 340 行.
NOTIC: [8] Undefined index: act_name E:\wamp\www\sxb\shipin_manager\Lib\Action\CommonAction.class.php 第 340 行.
NOTIC: [8] Undefined index: act_name E:\wamp\www\sxb\shipin_manager\Lib\Action\CommonAction.class.php 第 340 行.
NOTIC: [2] Illegal string offset 'act_name' E:\wamp\www\sxb\shipin_manager\Lib\Action\CommonAction.class.php 第 340 行.
NOTIC: [8] Undefined index: act_name E:\wamp\www\sxb\shipin_manager\Lib\Action\CommonAction.class.php 第 340 行.
NOTIC: [8] Undefined index: act_name E:\wamp\www\sxb\shipin_manager\Lib\Action\CommonAction.class.php 第 340 行.
SQL: SHOW COLUMNS FROM `ttgy_area` [ RunTime:0.002000s ]
SQL: SELECT COUNT(*) AS tp_count FROM `ttgy_area` WHERE (  ( `active` = 1 ) ) AND (  ( `pid` = 0 ) ) LIMIT 1   [ RunTime:0.049003s ]
SQL: SELECT * FROM `ttgy_area` WHERE (  ( `active` = 1 ) ) AND (  ( `pid` = 0 ) ) ORDER BY "order" asc LIMIT 0,100   [ RunTime:0.002000s ]

[ 2016-02-19T16:18:37+08:00 ] 127.0.0.1 /Area/selectJson
INFO: [ app_begin ] --START--
INFO: ReadHtmlCache Behavior ::run [ RunTime:0.002000s ]
INFO: [ app_begin ] --END-- [ RunTime:0.002000s ]
NOTIC: [2] Illegal string offset 'act_name' E:\wamp\www\sxb\shipin_manager\Lib\Action\CommonAction.class.php 第 340 行.
NOTIC: [8] Undefined index: act_name E:\wamp\www\sxb\shipin_manager\Lib\Action\CommonAction.class.php 第 340 行.
NOTIC: [8] Undefined index: act_name E:\wamp\www\sxb\shipin_manager\Lib\Action\CommonAction.class.php 第 340 行.
NOTIC: [2] Illegal string offset 'act_name' E:\wamp\www\sxb\shipin_manager\Lib\Action\CommonAction.class.php 第 340 行.
NOTIC: [8] Undefined index: act_name E:\wamp\www\sxb\shipin_manager\Lib\Action\CommonAction.class.php 第 340 行.
NOTIC: [8] Undefined index: act_name E:\wamp\www\sxb\shipin_manager\Lib\Action\CommonAction.class.php 第 340 行.
NOTIC: [2] Illegal string offset 'act_name' E:\wamp\www\sxb\shipin_manager\Lib\Action\CommonAction.class.php 第 340 行.
NOTIC: [8] Undefined index: act_name E:\wamp\www\sxb\shipin_manager\Lib\Action\CommonAction.class.php 第 340 行.
NOTIC: [8] Undefined index: act_name E:\wamp\www\sxb\shipin_manager\Lib\Action\CommonAction.class.php 第 340 行.
NOTIC: [2] Illegal string offset 'act_name' E:\wamp\www\sxb\shipin_manager\Lib\Action\CommonAction.class.php 第 340 行.
NOTIC: [8] Undefined index: act_name E:\wamp\www\sxb\shipin_manager\Lib\Action\CommonAction.class.php 第 340 行.
NOTIC: [8] Undefined index: act_name E:\wamp\www\sxb\shipin_manager\Lib\Action\CommonAction.class.php 第 340 行.
NOTIC: [2] Illegal string offset 'act_name' E:\wamp\www\sxb\shipin_manager\Lib\Action\CommonAction.class.php 第 340 行.
NOTIC: [8] Undefined index: act_name E:\wamp\www\sxb\shipin_manager\Lib\Action\CommonAction.class.php 第 340 行.
NOTIC: [8] Undefined index: act_name E:\wamp\www\sxb\shipin_manager\Lib\Action\CommonAction.class.php 第 340 行.
NOTIC: [2] Illegal string offset 'act_name' E:\wamp\www\sxb\shipin_manager\Lib\Action\CommonAction.class.php 第 340 行.
NOTIC: [8] Undefined index: act_name E:\wamp\www\sxb\shipin_manager\Lib\Action\CommonAction.class.php 第 340 行.
NOTIC: [8] Undefined index: act_name E:\wamp\www\sxb\shipin_manager\Lib\Action\CommonAction.class.php 第 340 行.
NOTIC: [2] Illegal string offset 'act_name' E:\wamp\www\sxb\shipin_manager\Lib\Action\CommonAction.class.php 第 340 行.
NOTIC: [8] Undefined index: act_name E:\wamp\www\sxb\shipin_manager\Lib\Action\CommonAction.class.php 第 340 行.
NOTIC: [8] Undefined index: act_name E:\wamp\www\sxb\shipin_manager\Lib\Action\CommonAction.class.php 第 340 行.
NOTIC: [2] Illegal string offset 'act_name' E:\wamp\www\sxb\shipin_manager\Lib\Action\CommonAction.class.php 第 340 行.
NOTIC: [8] Undefined index: act_name E:\wamp\www\sxb\shipin_manager\Lib\Action\CommonAction.class.php 第 340 行.
NOTIC: [8] Undefined index: act_name E:\wamp\www\sxb\shipin_manager\Lib\Action\CommonAction.class.php 第 340 行.
NOTIC: [2] Illegal string offset 'act_name' E:\wamp\www\sxb\shipin_manager\Lib\Action\CommonAction.class.php 第 340 行.
NOTIC: [8] Undefined index: act_name E:\wamp\www\sxb\shipin_manager\Lib\Action\CommonAction.class.php 第 340 行.
NOTIC: [8] Undefined index: act_name E:\wamp\www\sxb\shipin_manager\Lib\Action\CommonAction.class.php 第 340 行.
NOTIC: [2] Illegal string offset 'act_name' E:\wamp\www\sxb\shipin_manager\Lib\Action\CommonAction.class.php 第 340 行.
NOTIC: [8] Undefined index: act_name E:\wamp\www\sxb\shipin_manager\Lib\Action\CommonAction.class.php 第 340 行.
NOTIC: [8] Undefined index: act_name E:\wamp\www\sxb\shipin_manager\Lib\Action\CommonAction.class.php 第 340 行.
NOTIC: [2] Illegal string offset 'act_name' E:\wamp\www\sxb\shipin_manager\Lib\Action\CommonAction.class.php 第 340 行.
NOTIC: [8] Undefined index: act_name E:\wamp\www\sxb\shipin_manager\Lib\Action\CommonAction.class.php 第 340 行.
NOTIC: [8] Undefined index: act_name E:\wamp\www\sxb\shipin_manager\Lib\Action\CommonAction.class.php 第 340 行.
NOTIC: [2] Illegal string offset 'act_name' E:\wamp\www\sxb\shipin_manager\Lib\Action\CommonAction.class.php 第 340 行.
NOTIC: [8] Undefined index: act_name E:\wamp\www\sxb\shipin_manager\Lib\Action\CommonAction.class.php 第 340 行.
NOTIC: [8] Undefined index: act_name E:\wamp\www\sxb\shipin_manager\Lib\Action\CommonAction.class.php 第 340 行.
NOTIC: [2] Illegal string offset 'act_name' E:\wamp\www\sxb\shipin_manager\Lib\Action\CommonAction.class.php 第 340 行.
NOTIC: [8] Undefined index: act_name E:\wamp\www\sxb\shipin_manager\Lib\Action\CommonAction.class.php 第 340 行.
NOTIC: [8] Undefined index: act_name E:\wamp\www\sxb\shipin_manager\Lib\Action\CommonAction.class.php 第 340 行.
NOTIC: [2] Illegal string offset 'act_name' E:\wamp\www\sxb\shipin_manager\Lib\Action\CommonAction.class.php 第 340 行.
NOTIC: [8] Undefined index: act_name E:\wamp\www\sxb\shipin_manager\Lib\Action\CommonAction.class.php 第 340 行.
NOTIC: [8] Undefined index: act_name E:\wamp\www\sxb\shipin_manager\Lib\Action\CommonAction.class.php 第 340 行.
NOTIC: [2] Illegal string offset 'act_name' E:\wamp\www\sxb\shipin_manager\Lib\Action\CommonAction.class.php 第 340 行.
NOTIC: [8] Undefined index: act_name E:\wamp\www\sxb\shipin_manager\Lib\Action\CommonAction.class.php 第 340 行.
NOTIC: [8] Undefined index: act_name E:\wamp\www\sxb\shipin_manager\Lib\Action\CommonAction.class.php 第 340 行.
NOTIC: [2] Illegal string offset 'act_name' E:\wamp\www\sxb\shipin_manager\Lib\Action\CommonAction.class.php 第 340 行.
NOTIC: [8] Undefined index: act_name E:\wamp\www\sxb\shipin_manager\Lib\Action\CommonAction.class.php 第 340 行.
NOTIC: [2] Illegal string offset 'act_name' E:\wamp\www\sxb\shipin_manager\Lib\Action\CommonAction.class.php 第 340 行.
NOTIC: [8] Undefined index: act_name E:\wamp\www\sxb\shipin_manager\Lib\Action\CommonAction.class.php 第 340 行.
NOTIC: [8] Undefined index: act_name E:\wamp\www\sxb\shipin_manager\Lib\Action\CommonAction.class.php 第 340 行.
NOTIC: [2] Illegal string offset 'act_name' E:\wamp\www\sxb\shipin_manager\Lib\Action\CommonAction.class.php 第 340 行.
NOTIC: [8] Undefined index: act_name E:\wamp\www\sxb\shipin_manager\Lib\Action\CommonAction.class.php 第 340 行.
NOTIC: [8] Undefined index: act_name E:\wamp\www\sxb\shipin_manager\Lib\Action\CommonAction.class.php 第 340 行.
NOTIC: [2] Illegal string offset 'act_name' E:\wamp\www\sxb\shipin_manager\Lib\Action\CommonAction.class.php 第 340 行.
NOTIC: [8] Undefined index: act_name E:\wamp\www\sxb\shipin_manager\Lib\Action\CommonAction.class.php 第 340 行.
NOTIC: [8] Undefined index: act_name E:\wamp\www\sxb\shipin_manager\Lib\Action\CommonAction.class.php 第 340 行.
NOTIC: [2] Illegal string offset 'act_name' E:\wamp\www\sxb\shipin_manager\Lib\Action\CommonAction.class.php 第 340 行.
NOTIC: [8] Undefined index: act_name E:\wamp\www\sxb\shipin_manager\Lib\Action\CommonAction.class.php 第 340 行.
NOTIC: [8] Undefined index: act_name E:\wamp\www\sxb\shipin_manager\Lib\Action\CommonAction.class.php 第 340 行.
NOTIC: [2] Illegal string offset 'act_name' E:\wamp\www\sxb\shipin_manager\Lib\Action\CommonAction.class.php 第 340 行.
NOTIC: [8] Undefined index: act_name E:\wamp\www\sxb\shipin_manager\Lib\Action\CommonAction.class.php 第 340 行.
NOTIC: [8] Undefined index: act_name E:\wamp\www\sxb\shipin_manager\Lib\Action\CommonAction.class.php 第 340 行.
NOTIC: [2] Illegal string offset 'act_name' E:\wamp\www\sxb\shipin_manager\Lib\Action\CommonAction.class.php 第 340 行.
NOTIC: [8] Undefined index: act_name E:\wamp\www\sxb\shipin_manager\Lib\Action\CommonAction.class.php 第 340 行.
NOTIC: [8] Undefined index: act_name E:\wamp\www\sxb\shipin_manager\Lib\Action\CommonAction.class.php 第 340 行.
NOTIC: [2] Illegal string offset 'act_name' E:\wamp\www\sxb\shipin_manager\Lib\Action\CommonAction.class.php 第 340 行.
NOTIC: [8] Undefined index: act_name E:\wamp\www\sxb\shipin_manager\Lib\Action\CommonAction.class.php 第 340 行.
NOTIC: [8] Undefined index: act_name E:\wamp\www\sxb\shipin_manager\Lib\Action\CommonAction.class.php 第 340 行.
SQL: SHOW COLUMNS FROM `ttgy_area` [ RunTime:0.002000s ]
SQL: SELECT COUNT(*) AS tp_count FROM `ttgy_area` WHERE (  ( `active` = 1 ) ) AND (  ( `pid` = 0 ) ) LIMIT 1   [ RunTime:0.002000s ]
SQL: SELECT * FROM `ttgy_area` WHERE (  ( `active` = 1 ) ) AND (  ( `pid` = 0 ) ) ORDER BY "order" asc LIMIT 0,100   [ RunTime:0.004001s ]

[ 2016-02-19T16:57:49+08:00 ] 127.0.0.1 /Public/admin/v3/js/jquery.nanoscroller.min.map
ERR: 非法操作:admin

[ 2016-02-19T17:13:34+08:00 ] 127.0.0.1 /Public/admin/v3/js/jquery.nanoscroller.min.map
ERR: 非法操作:admin

[ 2016-02-19T17:22:09+08:00 ] 127.0.0.1 /Public/admin/v3/js/jquery.nanoscroller.min.map
ERR: 非法操作:admin

